{"/Users/edertaveira/Documents/Development/framework/src/App.js": {"path":"/Users/edertaveira/Documents/Development/framework/src/App.js","statementMap":{"0":{"start":{"line":13,"column":24},"end":{"line":20,"column":1}},"1":{"start":{"line":14,"column":2},"end":{"line":19,"column":4}},"2":{"start":{"line":22,"column":13},"end":{"line":22,"column":53}},"3":{"start":{"line":22,"column":30},"end":{"line":22,"column":52}},"4":{"start":{"line":23,"column":15},"end":{"line":23,"column":57}},"5":{"start":{"line":23,"column":32},"end":{"line":23,"column":56}},"6":{"start":{"line":24,"column":18},"end":{"line":24,"column":63}},"7":{"start":{"line":24,"column":35},"end":{"line":24,"column":62}},"8":{"start":{"line":25,"column":18},"end":{"line":25,"column":63}},"9":{"start":{"line":25,"column":35},"end":{"line":25,"column":62}},"10":{"start":{"line":27,"column":29},"end":{"line":27,"column":45}},"11":{"start":{"line":30,"column":2},"end":{"line":43,"column":4}},"12":{"start":{"line":35,"column":50},"end":{"line":35,"column":76}},"13":{"start":{"line":36,"column":57},"end":{"line":36,"column":78}},"14":{"start":{"line":37,"column":59},"end":{"line":37,"column":82}},"15":{"start":{"line":38,"column":62},"end":{"line":38,"column":88}}},"fnMap":{"0":{"name":"(anonymous_0)","decl":{"start":{"line":13,"column":24},"end":{"line":13,"column":25}},"loc":{"start":{"line":13,"column":39},"end":{"line":20,"column":1}},"line":13},"1":{"name":"(anonymous_1)","decl":{"start":{"line":22,"column":24},"end":{"line":22,"column":25}},"loc":{"start":{"line":22,"column":30},"end":{"line":22,"column":52}},"line":22},"2":{"name":"(anonymous_2)","decl":{"start":{"line":23,"column":26},"end":{"line":23,"column":27}},"loc":{"start":{"line":23,"column":32},"end":{"line":23,"column":56}},"line":23},"3":{"name":"(anonymous_3)","decl":{"start":{"line":24,"column":29},"end":{"line":24,"column":30}},"loc":{"start":{"line":24,"column":35},"end":{"line":24,"column":62}},"line":24},"4":{"name":"(anonymous_4)","decl":{"start":{"line":25,"column":29},"end":{"line":25,"column":30}},"loc":{"start":{"line":25,"column":35},"end":{"line":25,"column":62}},"line":25},"5":{"name":"App","decl":{"start":{"line":29,"column":9},"end":{"line":29,"column":12}},"loc":{"start":{"line":29,"column":15},"end":{"line":44,"column":1}},"line":29},"6":{"name":"(anonymous_6)","decl":{"start":{"line":35,"column":44},"end":{"line":35,"column":45}},"loc":{"start":{"line":35,"column":50},"end":{"line":35,"column":76}},"line":35},"7":{"name":"(anonymous_7)","decl":{"start":{"line":36,"column":51},"end":{"line":36,"column":52}},"loc":{"start":{"line":36,"column":57},"end":{"line":36,"column":78}},"line":36},"8":{"name":"(anonymous_8)","decl":{"start":{"line":37,"column":53},"end":{"line":37,"column":54}},"loc":{"start":{"line":37,"column":59},"end":{"line":37,"column":82}},"line":37},"9":{"name":"(anonymous_9)","decl":{"start":{"line":38,"column":56},"end":{"line":38,"column":57}},"loc":{"start":{"line":38,"column":62},"end":{"line":38,"column":88}},"line":38}},"branchMap":{},"s":{"0":0,"1":0,"2":0,"3":0,"4":0,"5":0,"6":0,"7":0,"8":0,"9":0,"10":0,"11":0,"12":0,"13":0,"14":0,"15":0},"f":{"0":0,"1":0,"2":0,"3":0,"4":0,"5":0,"6":0,"7":0,"8":0,"9":0},"b":{}}
,"/Users/edertaveira/Documents/Development/framework/src/index.js": {"path":"/Users/edertaveira/Documents/Development/framework/src/index.js","statementMap":{"0":{"start":{"line":7,"column":0},"end":{"line":7,"column":57}},"1":{"start":{"line":8,"column":0},"end":{"line":8,"column":27}}},"fnMap":{},"branchMap":{},"s":{"0":0,"1":0},"f":{},"b":{}}
,"/Users/edertaveira/Documents/Development/framework/src/serviceWorker.js": {"path":"/Users/edertaveira/Documents/Development/framework/src/serviceWorker.js","statementMap":{"0":{"start":{"line":13,"column":20},"end":{"line":21,"column":1}},"1":{"start":{"line":24,"column":2},"end":{"line":54,"column":3}},"2":{"start":{"line":26,"column":22},"end":{"line":26,"column":75}},"3":{"start":{"line":27,"column":4},"end":{"line":32,"column":5}},"4":{"start":{"line":31,"column":6},"end":{"line":31,"column":13}},"5":{"start":{"line":34,"column":4},"end":{"line":53,"column":7}},"6":{"start":{"line":35,"column":20},"end":{"line":35,"column":65}},"7":{"start":{"line":37,"column":6},"end":{"line":52,"column":7}},"8":{"start":{"line":39,"column":8},"end":{"line":39,"column":47}},"9":{"start":{"line":43,"column":8},"end":{"line":48,"column":11}},"10":{"start":{"line":44,"column":10},"end":{"line":47,"column":12}},"11":{"start":{"line":51,"column":8},"end":{"line":51,"column":39}},"12":{"start":{"line":58,"column":2},"end":{"line":98,"column":7}},"13":{"start":{"line":61,"column":6},"end":{"line":94,"column":8}},"14":{"start":{"line":62,"column":33},"end":{"line":62,"column":56}},"15":{"start":{"line":63,"column":8},"end":{"line":65,"column":9}},"16":{"start":{"line":64,"column":10},"end":{"line":64,"column":17}},"17":{"start":{"line":66,"column":8},"end":{"line":93,"column":10}},"18":{"start":{"line":67,"column":10},"end":{"line":92,"column":11}},"19":{"start":{"line":68,"column":12},"end":{"line":91,"column":13}},"20":{"start":{"line":72,"column":14},"end":{"line":75,"column":16}},"21":{"start":{"line":78,"column":14},"end":{"line":80,"column":15}},"22":{"start":{"line":79,"column":16},"end":{"line":79,"column":46}},"23":{"start":{"line":85,"column":14},"end":{"line":85,"column":64}},"24":{"start":{"line":88,"column":14},"end":{"line":90,"column":15}},"25":{"start":{"line":89,"column":16},"end":{"line":89,"column":47}},"26":{"start":{"line":97,"column":6},"end":{"line":97,"column":72}},"27":{"start":{"line":103,"column":2},"end":{"line":128,"column":7}},"28":{"start":{"line":108,"column":26},"end":{"line":108,"column":62}},"29":{"start":{"line":109,"column":6},"end":{"line":122,"column":7}},"30":{"start":{"line":114,"column":8},"end":{"line":118,"column":11}},"31":{"start":{"line":115,"column":10},"end":{"line":117,"column":13}},"32":{"start":{"line":116,"column":12},"end":{"line":116,"column":37}},"33":{"start":{"line":121,"column":8},"end":{"line":121,"column":39}},"34":{"start":{"line":125,"column":6},"end":{"line":127,"column":8}},"35":{"start":{"line":132,"column":2},"end":{"line":140,"column":3}},"36":{"start":{"line":133,"column":4},"end":{"line":139,"column":9}},"37":{"start":{"line":135,"column":8},"end":{"line":135,"column":34}},"38":{"start":{"line":138,"column":8},"end":{"line":138,"column":37}}},"fnMap":{"0":{"name":"register","decl":{"start":{"line":23,"column":16},"end":{"line":23,"column":24}},"loc":{"start":{"line":23,"column":33},"end":{"line":55,"column":1}},"line":23},"1":{"name":"(anonymous_1)","decl":{"start":{"line":34,"column":36},"end":{"line":34,"column":37}},"loc":{"start":{"line":34,"column":42},"end":{"line":53,"column":5}},"line":34},"2":{"name":"(anonymous_2)","decl":{"start":{"line":43,"column":43},"end":{"line":43,"column":44}},"loc":{"start":{"line":43,"column":49},"end":{"line":48,"column":9}},"line":43},"3":{"name":"registerValidSW","decl":{"start":{"line":57,"column":9},"end":{"line":57,"column":24}},"loc":{"start":{"line":57,"column":40},"end":{"line":99,"column":1}},"line":57},"4":{"name":"(anonymous_4)","decl":{"start":{"line":60,"column":10},"end":{"line":60,"column":11}},"loc":{"start":{"line":60,"column":26},"end":{"line":95,"column":5}},"line":60},"5":{"name":"(anonymous_5)","decl":{"start":{"line":61,"column":35},"end":{"line":61,"column":36}},"loc":{"start":{"line":61,"column":41},"end":{"line":94,"column":7}},"line":61},"6":{"name":"(anonymous_6)","decl":{"start":{"line":66,"column":41},"end":{"line":66,"column":42}},"loc":{"start":{"line":66,"column":47},"end":{"line":93,"column":9}},"line":66},"7":{"name":"(anonymous_7)","decl":{"start":{"line":96,"column":11},"end":{"line":96,"column":12}},"loc":{"start":{"line":96,"column":20},"end":{"line":98,"column":5}},"line":96},"8":{"name":"checkValidServiceWorker","decl":{"start":{"line":101,"column":9},"end":{"line":101,"column":32}},"loc":{"start":{"line":101,"column":48},"end":{"line":129,"column":1}},"line":101},"9":{"name":"(anonymous_9)","decl":{"start":{"line":106,"column":10},"end":{"line":106,"column":11}},"loc":{"start":{"line":106,"column":22},"end":{"line":123,"column":5}},"line":106},"10":{"name":"(anonymous_10)","decl":{"start":{"line":114,"column":43},"end":{"line":114,"column":44}},"loc":{"start":{"line":114,"column":59},"end":{"line":118,"column":9}},"line":114},"11":{"name":"(anonymous_11)","decl":{"start":{"line":115,"column":41},"end":{"line":115,"column":42}},"loc":{"start":{"line":115,"column":47},"end":{"line":117,"column":11}},"line":115},"12":{"name":"(anonymous_12)","decl":{"start":{"line":124,"column":11},"end":{"line":124,"column":12}},"loc":{"start":{"line":124,"column":17},"end":{"line":128,"column":5}},"line":124},"13":{"name":"unregister","decl":{"start":{"line":131,"column":16},"end":{"line":131,"column":26}},"loc":{"start":{"line":131,"column":29},"end":{"line":141,"column":1}},"line":131},"14":{"name":"(anonymous_14)","decl":{"start":{"line":134,"column":12},"end":{"line":134,"column":13}},"loc":{"start":{"line":134,"column":28},"end":{"line":136,"column":7}},"line":134},"15":{"name":"(anonymous_15)","decl":{"start":{"line":137,"column":13},"end":{"line":137,"column":14}},"loc":{"start":{"line":137,"column":22},"end":{"line":139,"column":7}},"line":137}},"branchMap":{"0":{"loc":{"start":{"line":14,"column":2},"end":{"line":20,"column":5}},"type":"binary-expr","locations":[{"start":{"line":14,"column":2},"end":{"line":14,"column":42}},{"start":{"line":16,"column":4},"end":{"line":16,"column":40}},{"start":{"line":18,"column":4},"end":{"line":20,"column":5}}],"line":14},"1":{"loc":{"start":{"line":24,"column":2},"end":{"line":54,"column":3}},"type":"if","locations":[{"start":{"line":24,"column":2},"end":{"line":54,"column":3}},{"start":{},"end":{}}],"line":24},"2":{"loc":{"start":{"line":24,"column":6},"end":{"line":24,"column":75}},"type":"binary-expr","locations":[{"start":{"line":24,"column":6},"end":{"line":24,"column":43}},{"start":{"line":24,"column":47},"end":{"line":24,"column":75}}],"line":24},"3":{"loc":{"start":{"line":27,"column":4},"end":{"line":32,"column":5}},"type":"if","locations":[{"start":{"line":27,"column":4},"end":{"line":32,"column":5}},{"start":{},"end":{}}],"line":27},"4":{"loc":{"start":{"line":37,"column":6},"end":{"line":52,"column":7}},"type":"if","locations":[{"start":{"line":37,"column":6},"end":{"line":52,"column":7}},{"start":{"line":49,"column":13},"end":{"line":52,"column":7}}],"line":37},"5":{"loc":{"start":{"line":63,"column":8},"end":{"line":65,"column":9}},"type":"if","locations":[{"start":{"line":63,"column":8},"end":{"line":65,"column":9}},{"start":{},"end":{}}],"line":63},"6":{"loc":{"start":{"line":67,"column":10},"end":{"line":92,"column":11}},"type":"if","locations":[{"start":{"line":67,"column":10},"end":{"line":92,"column":11}},{"start":{},"end":{}}],"line":67},"7":{"loc":{"start":{"line":68,"column":12},"end":{"line":91,"column":13}},"type":"if","locations":[{"start":{"line":68,"column":12},"end":{"line":91,"column":13}},{"start":{"line":81,"column":19},"end":{"line":91,"column":13}}],"line":68},"8":{"loc":{"start":{"line":78,"column":14},"end":{"line":80,"column":15}},"type":"if","locations":[{"start":{"line":78,"column":14},"end":{"line":80,"column":15}},{"start":{},"end":{}}],"line":78},"9":{"loc":{"start":{"line":78,"column":18},"end":{"line":78,"column":43}},"type":"binary-expr","locations":[{"start":{"line":78,"column":18},"end":{"line":78,"column":24}},{"start":{"line":78,"column":28},"end":{"line":78,"column":43}}],"line":78},"10":{"loc":{"start":{"line":88,"column":14},"end":{"line":90,"column":15}},"type":"if","locations":[{"start":{"line":88,"column":14},"end":{"line":90,"column":15}},{"start":{},"end":{}}],"line":88},"11":{"loc":{"start":{"line":88,"column":18},"end":{"line":88,"column":44}},"type":"binary-expr","locations":[{"start":{"line":88,"column":18},"end":{"line":88,"column":24}},{"start":{"line":88,"column":28},"end":{"line":88,"column":44}}],"line":88},"12":{"loc":{"start":{"line":109,"column":6},"end":{"line":122,"column":7}},"type":"if","locations":[{"start":{"line":109,"column":6},"end":{"line":122,"column":7}},{"start":{"line":119,"column":13},"end":{"line":122,"column":7}}],"line":109},"13":{"loc":{"start":{"line":110,"column":8},"end":{"line":111,"column":73}},"type":"binary-expr","locations":[{"start":{"line":110,"column":8},"end":{"line":110,"column":31}},{"start":{"line":111,"column":9},"end":{"line":111,"column":28}},{"start":{"line":111,"column":32},"end":{"line":111,"column":72}}],"line":110},"14":{"loc":{"start":{"line":132,"column":2},"end":{"line":140,"column":3}},"type":"if","locations":[{"start":{"line":132,"column":2},"end":{"line":140,"column":3}},{"start":{},"end":{}}],"line":132}},"s":{"0":0,"1":0,"2":0,"3":0,"4":0,"5":0,"6":0,"7":0,"8":0,"9":0,"10":0,"11":0,"12":0,"13":0,"14":0,"15":0,"16":0,"17":0,"18":0,"19":0,"20":0,"21":0,"22":0,"23":0,"24":0,"25":0,"26":0,"27":0,"28":0,"29":0,"30":0,"31":0,"32":0,"33":0,"34":0,"35":0,"36":0,"37":0,"38":0},"f":{"0":0,"1":0,"2":0,"3":0,"4":0,"5":0,"6":0,"7":0,"8":0,"9":0,"10":0,"11":0,"12":0,"13":0,"14":0,"15":0},"b":{"0":[0,0,0],"1":[0,0],"2":[0,0],"3":[0,0],"4":[0,0],"5":[0,0],"6":[0,0],"7":[0,0],"8":[0,0],"9":[0,0],"10":[0,0],"11":[0,0],"12":[0,0],"13":[0,0,0],"14":[0,0]}}
,"/Users/edertaveira/Documents/Development/framework/src/common/cep.js": {"path":"/Users/edertaveira/Documents/Development/framework/src/common/cep.js","statementMap":{"0":{"start":{"line":1,"column":14},"end":{"line":1,"column":30}},"1":{"start":{"line":3,"column":18},"end":{"line":3,"column":57}},"2":{"start":{"line":3,"column":27},"end":{"line":3,"column":57}},"3":{"start":{"line":4,"column":16},"end":{"line":4,"column":50}},"4":{"start":{"line":4,"column":25},"end":{"line":4,"column":50}},"5":{"start":{"line":5,"column":20},"end":{"line":5,"column":30}},"6":{"start":{"line":7,"column":2},"end":{"line":47,"column":5}},"7":{"start":{"line":8,"column":4},"end":{"line":10,"column":5}},"8":{"start":{"line":9,"column":6},"end":{"line":9,"column":82}},"9":{"start":{"line":12,"column":4},"end":{"line":14,"column":5}},"10":{"start":{"line":13,"column":6},"end":{"line":13,"column":82}},"11":{"start":{"line":16,"column":4},"end":{"line":46,"column":9}},"12":{"start":{"line":25,"column":8},"end":{"line":25,"column":22}},"13":{"start":{"line":28,"column":8},"end":{"line":30,"column":9}},"14":{"start":{"line":29,"column":10},"end":{"line":29,"column":94}},"15":{"start":{"line":34,"column":12},"end":{"line":34,"column":15}},"16":{"start":{"line":36,"column":8},"end":{"line":45,"column":9}},"17":{"start":{"line":38,"column":12},"end":{"line":38,"column":96}},"18":{"start":{"line":41,"column":12},"end":{"line":41,"column":88}},"19":{"start":{"line":44,"column":12},"end":{"line":44,"column":31}}},"fnMap":{"0":{"name":"(anonymous_0)","decl":{"start":{"line":2,"column":15},"end":{"line":2,"column":16}},"loc":{"start":{"line":2,"column":30},"end":{"line":48,"column":1}},"line":2},"1":{"name":"(anonymous_1)","decl":{"start":{"line":3,"column":18},"end":{"line":3,"column":19}},"loc":{"start":{"line":3,"column":27},"end":{"line":3,"column":57}},"line":3},"2":{"name":"(anonymous_2)","decl":{"start":{"line":4,"column":16},"end":{"line":4,"column":17}},"loc":{"start":{"line":4,"column":25},"end":{"line":4,"column":50}},"line":4},"3":{"name":"(anonymous_3)","decl":{"start":{"line":7,"column":21},"end":{"line":7,"column":22}},"loc":{"start":{"line":7,"column":42},"end":{"line":47,"column":3}},"line":7},"4":{"name":"(anonymous_4)","decl":{"start":{"line":24,"column":12},"end":{"line":24,"column":13}},"loc":{"start":{"line":24,"column":26},"end":{"line":26,"column":7}},"line":24},"5":{"name":"(anonymous_5)","decl":{"start":{"line":27,"column":13},"end":{"line":27,"column":14}},"loc":{"start":{"line":27,"column":22},"end":{"line":46,"column":7}},"line":27}},"branchMap":{"0":{"loc":{"start":{"line":8,"column":4},"end":{"line":10,"column":5}},"type":"if","locations":[{"start":{"line":8,"column":4},"end":{"line":10,"column":5}},{"start":{},"end":{}}],"line":8},"1":{"loc":{"start":{"line":12,"column":4},"end":{"line":14,"column":5}},"type":"if","locations":[{"start":{"line":12,"column":4},"end":{"line":14,"column":5}},{"start":{},"end":{}}],"line":12},"2":{"loc":{"start":{"line":28,"column":8},"end":{"line":30,"column":9}},"type":"if","locations":[{"start":{"line":28,"column":8},"end":{"line":30,"column":9}},{"start":{},"end":{}}],"line":28},"3":{"loc":{"start":{"line":36,"column":8},"end":{"line":45,"column":9}},"type":"switch","locations":[{"start":{"line":37,"column":10},"end":{"line":38,"column":96}},{"start":{"line":40,"column":10},"end":{"line":41,"column":88}},{"start":{"line":43,"column":10},"end":{"line":44,"column":31}}],"line":36}},"s":{"0":0,"1":0,"2":0,"3":0,"4":0,"5":0,"6":0,"7":0,"8":0,"9":0,"10":0,"11":0,"12":0,"13":0,"14":0,"15":0,"16":0,"17":0,"18":0,"19":0},"f":{"0":0,"1":0,"2":0,"3":0,"4":0,"5":0},"b":{"0":[0,0],"1":[0,0],"2":[0,0],"3":[0,0,0]}}
,"/Users/edertaveira/Documents/Development/framework/src/common/matchMedia.js": {"path":"/Users/edertaveira/Documents/Development/framework/src/common/matchMedia.js","statementMap":{"0":{"start":{"line":1,"column":0},"end":{"line":9,"column":4}},"1":{"start":{"line":4,"column":4},"end":{"line":8,"column":6}}},"fnMap":{"0":{"name":"(anonymous_0)","decl":{"start":{"line":3,"column":2},"end":{"line":3,"column":3}},"loc":{"start":{"line":3,"column":14},"end":{"line":9,"column":3}},"line":3},"1":{"name":"(anonymous_1)","decl":{"start":{"line":6,"column":19},"end":{"line":6,"column":20}},"loc":{"start":{"line":6,"column":31},"end":{"line":6,"column":33}},"line":6},"2":{"name":"(anonymous_2)","decl":{"start":{"line":7,"column":22},"end":{"line":7,"column":23}},"loc":{"start":{"line":7,"column":34},"end":{"line":7,"column":36}},"line":7}},"branchMap":{"0":{"loc":{"start":{"line":2,"column":2},"end":{"line":9,"column":3}},"type":"binary-expr","locations":[{"start":{"line":2,"column":2},"end":{"line":2,"column":19}},{"start":{"line":3,"column":2},"end":{"line":9,"column":3}}],"line":2}},"s":{"0":3,"1":72},"f":{"0":72,"1":72,"2":72},"b":{"0":[3,3]},"_coverageSchema":"1a1c01bbd47fc00a2c39e90264f33305004495a9","hash":"ad2124445dc079fbd535d30695d91ac5adb5e8e2"}
,"/Users/edertaveira/Documents/Development/framework/src/common/constants/endpoint.js": {"path":"/Users/edertaveira/Documents/Development/framework/src/common/constants/endpoint.js","statementMap":{"0":{"start":{"line":1,"column":15},"end":{"line":1,"column":87}},"1":{"start":{"line":2,"column":0},"end":{"line":2,"column":29}}},"fnMap":{},"branchMap":{"0":{"loc":{"start":{"line":1,"column":15},"end":{"line":1,"column":87}},"type":"binary-expr","locations":[{"start":{"line":1,"column":15},"end":{"line":1,"column":45}},{"start":{"line":1,"column":49},"end":{"line":1,"column":87}}],"line":1}},"s":{"0":3,"1":3},"f":{},"b":{"0":[3,3]},"_coverageSchema":"1a1c01bbd47fc00a2c39e90264f33305004495a9","hash":"e8727c938b9d3977afa69904c89a57fbc6cb032e"}
,"/Users/edertaveira/Documents/Development/framework/src/common/constants/localeAntd.js": {"path":"/Users/edertaveira/Documents/Development/framework/src/common/constants/localeAntd.js","statementMap":{"0":{"start":{"line":1,"column":0},"end":{"line":40,"column":2}}},"fnMap":{},"branchMap":{},"s":{"0":0},"f":{},"b":{}}
,"/Users/edertaveira/Documents/Development/framework/src/common/constants/momentPTBR.js": {"path":"/Users/edertaveira/Documents/Development/framework/src/common/constants/momentPTBR.js","statementMap":{"0":{"start":{"line":1,"column":19},"end":{"line":42,"column":1}},"1":{"start":{"line":20,"column":10},"end":{"line":22,"column":38}},"2":{"start":{"line":44,"column":0},"end":{"line":44,"column":28}}},"fnMap":{"0":{"name":"(anonymous_0)","decl":{"start":{"line":19,"column":16},"end":{"line":19,"column":17}},"loc":{"start":{"line":19,"column":28},"end":{"line":23,"column":7}},"line":19}},"branchMap":{"0":{"loc":{"start":{"line":20,"column":17},"end":{"line":22,"column":37}},"type":"cond-expr","locations":[{"start":{"line":21,"column":14},"end":{"line":21,"column":37}},{"start":{"line":22,"column":14},"end":{"line":22,"column":37}}],"line":20},"1":{"loc":{"start":{"line":20,"column":18},"end":{"line":20,"column":54}},"type":"binary-expr","locations":[{"start":{"line":20,"column":18},"end":{"line":20,"column":34}},{"start":{"line":20,"column":38},"end":{"line":20,"column":54}}],"line":20}},"s":{"0":0,"1":0,"2":0},"f":{"0":0},"b":{"0":[0,0],"1":[0,0]}}
,"/Users/edertaveira/Documents/Development/framework/src/components/Container.js": {"path":"/Users/edertaveira/Documents/Development/framework/src/components/Container.js","statementMap":{"0":{"start":{"line":6,"column":18},"end":{"line":21,"column":1}},"1":{"start":{"line":7,"column":24},"end":{"line":7,"column":29}},"2":{"start":{"line":8,"column":24},"end":{"line":8,"column":60}},"3":{"start":{"line":8,"column":47},"end":{"line":8,"column":59}},"4":{"start":{"line":9,"column":2},"end":{"line":20,"column":4}}},"fnMap":{"0":{"name":"(anonymous_0)","decl":{"start":{"line":6,"column":18},"end":{"line":6,"column":19}},"loc":{"start":{"line":6,"column":29},"end":{"line":21,"column":1}},"line":6},"1":{"name":"(anonymous_1)","decl":{"start":{"line":8,"column":36},"end":{"line":8,"column":37}},"loc":{"start":{"line":8,"column":47},"end":{"line":8,"column":59}},"line":8}},"branchMap":{"0":{"loc":{"start":{"line":10,"column":43},"end":{"line":10,"column":95}},"type":"cond-expr","locations":[{"start":{"line":10,"column":54},"end":{"line":10,"column":56}},{"start":{"line":10,"column":59},"end":{"line":10,"column":95}}],"line":10},"1":{"loc":{"start":{"line":10,"column":73},"end":{"line":10,"column":93}},"type":"cond-expr","locations":[{"start":{"line":10,"column":85},"end":{"line":10,"column":87}},{"start":{"line":10,"column":90},"end":{"line":10,"column":93}}],"line":10},"2":{"loc":{"start":{"line":11,"column":7},"end":{"line":15,"column":7}},"type":"binary-expr","locations":[{"start":{"line":11,"column":7},"end":{"line":11,"column":15}},{"start":{"line":12,"column":8},"end":{"line":14,"column":24}}],"line":11},"3":{"loc":{"start":{"line":16,"column":83},"end":{"line":16,"column":100}},"type":"cond-expr","locations":[{"start":{"line":16,"column":94},"end":{"line":16,"column":96}},{"start":{"line":16,"column":99},"end":{"line":16,"column":100}}],"line":16}},"s":{"0":0,"1":0,"2":0,"3":0,"4":0},"f":{"0":0,"1":0},"b":{"0":[0,0],"1":[0,0],"2":[0,0],"3":[0,0]}}
,"/Users/edertaveira/Documents/Development/framework/src/components/EditableCell.js": {"path":"/Users/edertaveira/Documents/Development/framework/src/components/EditableCell.js","statementMap":{"0":{"start":{"line":4,"column":21},"end":{"line":39,"column":1}},"1":{"start":{"line":5,"column":18},"end":{"line":5,"column":22}},"2":{"start":{"line":7,"column":2},"end":{"line":23,"column":3}},"3":{"start":{"line":9,"column":6},"end":{"line":9,"column":34}},"4":{"start":{"line":10,"column":6},"end":{"line":10,"column":12}},"5":{"start":{"line":12,"column":6},"end":{"line":12,"column":28}},"6":{"start":{"line":13,"column":6},"end":{"line":13,"column":12}},"7":{"start":{"line":15,"column":6},"end":{"line":15,"column":29}},"8":{"start":{"line":16,"column":6},"end":{"line":16,"column":12}},"9":{"start":{"line":18,"column":6},"end":{"line":18,"column":37}},"10":{"start":{"line":19,"column":6},"end":{"line":19,"column":12}},"11":{"start":{"line":21,"column":6},"end":{"line":21,"column":28}},"12":{"start":{"line":22,"column":6},"end":{"line":22,"column":12}},"13":{"start":{"line":24,"column":2},"end":{"line":38,"column":4}}},"fnMap":{"0":{"name":"(anonymous_0)","decl":{"start":{"line":4,"column":21},"end":{"line":4,"column":22}},"loc":{"start":{"line":4,"column":106},"end":{"line":39,"column":1}},"line":4}},"branchMap":{"0":{"loc":{"start":{"line":7,"column":2},"end":{"line":23,"column":3}},"type":"switch","locations":[{"start":{"line":8,"column":4},"end":{"line":10,"column":12}},{"start":{"line":11,"column":4},"end":{"line":13,"column":12}},{"start":{"line":14,"column":4},"end":{"line":16,"column":12}},{"start":{"line":17,"column":4},"end":{"line":19,"column":12}},{"start":{"line":20,"column":4},"end":{"line":22,"column":12}}],"line":7},"1":{"loc":{"start":{"line":26,"column":7},"end":{"line":36,"column":7}},"type":"cond-expr","locations":[{"start":{"line":27,"column":8},"end":{"line":33,"column":20}},{"start":{"line":35,"column":8},"end":{"line":35,"column":16}}],"line":26}},"s":{"0":3,"1":1788,"2":1788,"3":0,"4":0,"5":480,"6":480,"7":160,"8":160,"9":160,"10":160,"11":988,"12":988,"13":1788},"f":{"0":1788},"b":{"0":[0,480,160,160,988],"1":[10,1778]},"_coverageSchema":"1a1c01bbd47fc00a2c39e90264f33305004495a9","hash":"4f500b4fc3947f9895f08d654e94acc084f2ad78"}
,"/Users/edertaveira/Documents/Development/framework/src/components/PageLoading.js": {"path":"/Users/edertaveira/Documents/Development/framework/src/components/PageLoading.js","statementMap":{"0":{"start":{"line":5,"column":20},"end":{"line":23,"column":1}},"1":{"start":{"line":6,"column":2},"end":{"line":20,"column":3}},"2":{"start":{"line":7,"column":18},"end":{"line":12,"column":5}},"3":{"start":{"line":13,"column":4},"end":{"line":17,"column":6}},"4":{"start":{"line":18,"column":9},"end":{"line":20,"column":3}},"5":{"start":{"line":19,"column":4},"end":{"line":19,"column":66}},"6":{"start":{"line":22,"column":2},"end":{"line":22,"column":14}}},"fnMap":{"0":{"name":"(anonymous_0)","decl":{"start":{"line":5,"column":20},"end":{"line":5,"column":21}},"loc":{"start":{"line":5,"column":46},"end":{"line":23,"column":1}},"line":5}},"branchMap":{"0":{"loc":{"start":{"line":6,"column":2},"end":{"line":20,"column":3}},"type":"if","locations":[{"start":{"line":6,"column":2},"end":{"line":20,"column":3}},{"start":{"line":18,"column":9},"end":{"line":20,"column":3}}],"line":6},"1":{"loc":{"start":{"line":18,"column":9},"end":{"line":20,"column":3}},"type":"if","locations":[{"start":{"line":18,"column":9},"end":{"line":20,"column":3}},{"start":{},"end":{}}],"line":18}},"s":{"0":0,"1":0,"2":0,"3":0,"4":0,"5":0,"6":0},"f":{"0":0},"b":{"0":[0,0],"1":[0,0]}}
,"/Users/edertaveira/Documents/Development/framework/src/components/Seo.js": {"path":"/Users/edertaveira/Documents/Development/framework/src/components/Seo.js","statementMap":{"0":{"start":{"line":7,"column":26},"end":{"line":7,"column":77}},"1":{"start":{"line":8,"column":24},"end":{"line":8,"column":64}},"2":{"start":{"line":9,"column":18},"end":{"line":9,"column":35}},"3":{"start":{"line":10,"column":2},"end":{"line":52,"column":4}},"4":{"start":{"line":55,"column":0},"end":{"line":59,"column":2}},"5":{"start":{"line":61,"column":0},"end":{"line":66,"column":2}},"6":{"start":{"line":68,"column":24},"end":{"line":70,"column":2}},"7":{"start":{"line":68,"column":37},"end":{"line":70,"column":1}}},"fnMap":{"0":{"name":"Seo","decl":{"start":{"line":6,"column":9},"end":{"line":6,"column":12}},"loc":{"start":{"line":6,"column":55},"end":{"line":53,"column":1}},"line":6},"1":{"name":"(anonymous_1)","decl":{"start":{"line":68,"column":24},"end":{"line":68,"column":25}},"loc":{"start":{"line":68,"column":37},"end":{"line":70,"column":1}},"line":68}},"branchMap":{"0":{"loc":{"start":{"line":7,"column":26},"end":{"line":7,"column":77}},"type":"binary-expr","locations":[{"start":{"line":7,"column":26},"end":{"line":7,"column":37}},{"start":{"line":7,"column":41},"end":{"line":7,"column":77}}],"line":7},"1":{"loc":{"start":{"line":8,"column":24},"end":{"line":8,"column":64}},"type":"cond-expr","locations":[{"start":{"line":8,"column":37},"end":{"line":8,"column":52}},{"start":{"line":8,"column":55},"end":{"line":8,"column":64}}],"line":8}},"s":{"0":0,"1":0,"2":0,"3":0,"4":0,"5":0,"6":0,"7":0},"f":{"0":0,"1":0},"b":{"0":[0,0],"1":[0,0]}}
,"/Users/edertaveira/Documents/Development/framework/src/components/Sidebar/Sidebar.js": {"path":"/Users/edertaveira/Documents/Development/framework/src/components/Sidebar/Sidebar.js","statementMap":{"0":{"start":{"line":13,"column":18},"end":{"line":13,"column":24}},"1":{"start":{"line":15,"column":16},"end":{"line":80,"column":1}},"2":{"start":{"line":16,"column":19},"end":{"line":16,"column":32}},"3":{"start":{"line":17,"column":24},"end":{"line":17,"column":60}},"4":{"start":{"line":17,"column":47},"end":{"line":17,"column":59}},"5":{"start":{"line":18,"column":18},"end":{"line":18,"column":30}},"6":{"start":{"line":20,"column":20},"end":{"line":36,"column":3}},"7":{"start":{"line":38,"column":22},"end":{"line":38,"column":92}},"8":{"start":{"line":38,"column":52},"end":{"line":38,"column":91}},"9":{"start":{"line":39,"column":17},"end":{"line":39,"column":84}},"10":{"start":{"line":40,"column":2},"end":{"line":79,"column":4}},"11":{"start":{"line":47,"column":33},"end":{"line":47,"column":67}},"12":{"start":{"line":60,"column":31},"end":{"line":60,"column":48}},"13":{"start":{"line":66,"column":39},"end":{"line":66,"column":43}},"14":{"start":{"line":68,"column":10},"end":{"line":75,"column":12}}},"fnMap":{"0":{"name":"(anonymous_0)","decl":{"start":{"line":15,"column":16},"end":{"line":15,"column":17}},"loc":{"start":{"line":15,"column":22},"end":{"line":80,"column":1}},"line":15},"1":{"name":"(anonymous_1)","decl":{"start":{"line":17,"column":36},"end":{"line":17,"column":37}},"loc":{"start":{"line":17,"column":47},"end":{"line":17,"column":59}},"line":17},"2":{"name":"(anonymous_2)","decl":{"start":{"line":38,"column":42},"end":{"line":38,"column":43}},"loc":{"start":{"line":38,"column":52},"end":{"line":38,"column":91}},"line":38},"3":{"name":"(anonymous_3)","decl":{"start":{"line":47,"column":18},"end":{"line":47,"column":19}},"loc":{"start":{"line":47,"column":33},"end":{"line":47,"column":67}},"line":47},"4":{"name":"(anonymous_4)","decl":{"start":{"line":60,"column":25},"end":{"line":60,"column":26}},"loc":{"start":{"line":60,"column":31},"end":{"line":60,"column":48}},"line":60},"5":{"name":"(anonymous_5)","decl":{"start":{"line":65,"column":23},"end":{"line":65,"column":24}},"loc":{"start":{"line":65,"column":33},"end":{"line":76,"column":9}},"line":65}},"branchMap":{"0":{"loc":{"start":{"line":39,"column":17},"end":{"line":39,"column":84}},"type":"cond-expr","locations":[{"start":{"line":39,"column":40},"end":{"line":39,"column":79}},{"start":{"line":39,"column":82},"end":{"line":39,"column":84}}],"line":39},"1":{"loc":{"start":{"line":42,"column":18},"end":{"line":42,"column":38}},"type":"cond-expr","locations":[{"start":{"line":42,"column":29},"end":{"line":42,"column":33}},{"start":{"line":42,"column":36},"end":{"line":42,"column":38}}],"line":42},"2":{"loc":{"start":{"line":43,"column":22},"end":{"line":43,"column":43}},"type":"cond-expr","locations":[{"start":{"line":43,"column":33},"end":{"line":43,"column":36}},{"start":{"line":43,"column":39},"end":{"line":43,"column":43}}],"line":43},"3":{"loc":{"start":{"line":49,"column":8},"end":{"line":56,"column":13}},"type":"cond-expr","locations":[{"start":{"line":50,"column":12},"end":{"line":50,"column":14}},{"start":{"line":51,"column":12},"end":{"line":56,"column":13}}],"line":49},"4":{"loc":{"start":{"line":59,"column":7},"end":{"line":63,"column":7}},"type":"binary-expr","locations":[{"start":{"line":59,"column":7},"end":{"line":59,"column":16}},{"start":{"line":60,"column":8},"end":{"line":62,"column":17}}],"line":59}},"s":{"0":0,"1":0,"2":0,"3":0,"4":0,"5":0,"6":0,"7":0,"8":0,"9":0,"10":0,"11":0,"12":0,"13":0,"14":0},"f":{"0":0,"1":0,"2":0,"3":0,"4":0,"5":0},"b":{"0":[0,0],"1":[0,0],"2":[0,0],"3":[0,0],"4":[0,0]}}
,"/Users/edertaveira/Documents/Development/framework/src/pages/Albuns/Albuns.js": {"path":"/Users/edertaveira/Documents/Development/framework/src/pages/Albuns/Albuns.js","statementMap":{"0":{"start":{"line":22,"column":15},"end":{"line":234,"column":1}},"1":{"start":{"line":23,"column":17},"end":{"line":23,"column":31}},"2":{"start":{"line":24,"column":22},"end":{"line":24,"column":36}},"3":{"start":{"line":25,"column":26},"end":{"line":25,"column":38}},"4":{"start":{"line":26,"column":32},"end":{"line":26,"column":47}},"5":{"start":{"line":27,"column":40},"end":{"line":27,"column":55}},"6":{"start":{"line":28,"column":38},"end":{"line":28,"column":53}},"7":{"start":{"line":29,"column":32},"end":{"line":29,"column":47}},"8":{"start":{"line":30,"column":38},"end":{"line":30,"column":50}},"9":{"start":{"line":31,"column":20},"end":{"line":31,"column":56}},"10":{"start":{"line":31,"column":32},"end":{"line":31,"column":56}},"11":{"start":{"line":32,"column":18},"end":{"line":78,"column":3}},"12":{"start":{"line":37,"column":24},"end":{"line":37,"column":63}},"13":{"start":{"line":49,"column":25},"end":{"line":49,"column":42}},"14":{"start":{"line":50,"column":8},"end":{"line":75,"column":10}},"15":{"start":{"line":57,"column":29},"end":{"line":57,"column":46}},"16":{"start":{"line":60,"column":66},"end":{"line":60,"column":83}},"17":{"start":{"line":68,"column":29},"end":{"line":68,"column":41}},"18":{"start":{"line":71,"column":86},"end":{"line":71,"column":105}},"19":{"start":{"line":80,"column":24},"end":{"line":92,"column":4}},"20":{"start":{"line":81,"column":4},"end":{"line":81,"column":34}},"21":{"start":{"line":81,"column":23},"end":{"line":81,"column":34}},"22":{"start":{"line":82,"column":4},"end":{"line":91,"column":6}},"23":{"start":{"line":84,"column":27},"end":{"line":90,"column":7}},"24":{"start":{"line":94,"column":18},"end":{"line":103,"column":3}},"25":{"start":{"line":95,"column":4},"end":{"line":95,"column":21}},"26":{"start":{"line":96,"column":4},"end":{"line":101,"column":5}},"27":{"start":{"line":97,"column":18},"end":{"line":97,"column":51}},"28":{"start":{"line":98,"column":6},"end":{"line":98,"column":32}},"29":{"start":{"line":100,"column":6},"end":{"line":100,"column":25}},"30":{"start":{"line":102,"column":4},"end":{"line":102,"column":22}},"31":{"start":{"line":105,"column":19},"end":{"line":122,"column":3}},"32":{"start":{"line":106,"column":4},"end":{"line":106,"column":24}},"33":{"start":{"line":107,"column":4},"end":{"line":120,"column":5}},"34":{"start":{"line":108,"column":6},"end":{"line":114,"column":9}},"35":{"start":{"line":115,"column":6},"end":{"line":115,"column":57}},"36":{"start":{"line":116,"column":6},"end":{"line":116,"column":25}},"37":{"start":{"line":117,"column":6},"end":{"line":117,"column":24}},"38":{"start":{"line":119,"column":6},"end":{"line":119,"column":84}},"39":{"start":{"line":121,"column":4},"end":{"line":121,"column":25}},"40":{"start":{"line":124,"column":17},"end":{"line":141,"column":3}},"41":{"start":{"line":125,"column":4},"end":{"line":125,"column":25}},"42":{"start":{"line":126,"column":4},"end":{"line":139,"column":5}},"43":{"start":{"line":127,"column":21},"end":{"line":127,"column":53}},"44":{"start":{"line":128,"column":6},"end":{"line":134,"column":9}},"45":{"start":{"line":135,"column":6},"end":{"line":135,"column":61}},"46":{"start":{"line":136,"column":6},"end":{"line":136,"column":24}},"47":{"start":{"line":138,"column":6},"end":{"line":138,"column":84}},"48":{"start":{"line":140,"column":4},"end":{"line":140,"column":26}},"49":{"start":{"line":143,"column":19},"end":{"line":154,"column":3}},"50":{"start":{"line":144,"column":25},"end":{"line":144,"column":72}},"51":{"start":{"line":145,"column":4},"end":{"line":152,"column":5}},"52":{"start":{"line":146,"column":6},"end":{"line":148,"column":9}},"53":{"start":{"line":149,"column":6},"end":{"line":149,"column":59}},"54":{"start":{"line":151,"column":6},"end":{"line":151,"column":82}},"55":{"start":{"line":153,"column":4},"end":{"line":153,"column":19}},"56":{"start":{"line":156,"column":15},"end":{"line":159,"column":3}},"57":{"start":{"line":157,"column":4},"end":{"line":157,"column":44}},"58":{"start":{"line":158,"column":4},"end":{"line":158,"column":29}},"59":{"start":{"line":161,"column":2},"end":{"line":163,"column":9}},"60":{"start":{"line":162,"column":4},"end":{"line":162,"column":14}},"61":{"start":{"line":165,"column":2},"end":{"line":233,"column":4}},"62":{"start":{"line":169,"column":22},"end":{"line":169,"column":43}},"63":{"start":{"line":173,"column":33},"end":{"line":173,"column":49}},"64":{"start":{"line":198,"column":30},"end":{"line":198,"column":47}},"65":{"start":{"line":209,"column":10},"end":{"line":209,"column":38}},"66":{"start":{"line":210,"column":10},"end":{"line":210,"column":24}},"67":{"start":{"line":215,"column":24},"end":{"line":215,"column":41}}},"fnMap":{"0":{"name":"(anonymous_0)","decl":{"start":{"line":22,"column":15},"end":{"line":22,"column":16}},"loc":{"start":{"line":22,"column":21},"end":{"line":234,"column":1}},"line":22},"1":{"name":"(anonymous_1)","decl":{"start":{"line":31,"column":20},"end":{"line":31,"column":21}},"loc":{"start":{"line":31,"column":32},"end":{"line":31,"column":56}},"line":31},"2":{"name":"(anonymous_2)","decl":{"start":{"line":37,"column":14},"end":{"line":37,"column":15}},"loc":{"start":{"line":37,"column":24},"end":{"line":37,"column":63}},"line":37},"3":{"name":"(anonymous_3)","decl":{"start":{"line":48,"column":14},"end":{"line":48,"column":15}},"loc":{"start":{"line":48,"column":29},"end":{"line":76,"column":7}},"line":48},"4":{"name":"(anonymous_4)","decl":{"start":{"line":57,"column":23},"end":{"line":57,"column":24}},"loc":{"start":{"line":57,"column":29},"end":{"line":57,"column":46}},"line":57},"5":{"name":"(anonymous_5)","decl":{"start":{"line":60,"column":60},"end":{"line":60,"column":61}},"loc":{"start":{"line":60,"column":66},"end":{"line":60,"column":83}},"line":60},"6":{"name":"(anonymous_6)","decl":{"start":{"line":68,"column":23},"end":{"line":68,"column":24}},"loc":{"start":{"line":68,"column":29},"end":{"line":68,"column":41}},"line":68},"7":{"name":"(anonymous_7)","decl":{"start":{"line":71,"column":80},"end":{"line":71,"column":81}},"loc":{"start":{"line":71,"column":86},"end":{"line":71,"column":105}},"line":71},"8":{"name":"(anonymous_8)","decl":{"start":{"line":80,"column":36},"end":{"line":80,"column":37}},"loc":{"start":{"line":80,"column":45},"end":{"line":92,"column":3}},"line":80},"9":{"name":"(anonymous_9)","decl":{"start":{"line":84,"column":14},"end":{"line":84,"column":15}},"loc":{"start":{"line":84,"column":27},"end":{"line":90,"column":7}},"line":84},"10":{"name":"(anonymous_10)","decl":{"start":{"line":94,"column":18},"end":{"line":94,"column":19}},"loc":{"start":{"line":94,"column":30},"end":{"line":103,"column":3}},"line":94},"11":{"name":"(anonymous_11)","decl":{"start":{"line":105,"column":19},"end":{"line":105,"column":20}},"loc":{"start":{"line":105,"column":37},"end":{"line":122,"column":3}},"line":105},"12":{"name":"(anonymous_12)","decl":{"start":{"line":124,"column":17},"end":{"line":124,"column":18}},"loc":{"start":{"line":124,"column":31},"end":{"line":141,"column":3}},"line":124},"13":{"name":"(anonymous_13)","decl":{"start":{"line":143,"column":19},"end":{"line":143,"column":20}},"loc":{"start":{"line":143,"column":33},"end":{"line":154,"column":3}},"line":143},"14":{"name":"(anonymous_14)","decl":{"start":{"line":156,"column":15},"end":{"line":156,"column":16}},"loc":{"start":{"line":156,"column":27},"end":{"line":159,"column":3}},"line":156},"15":{"name":"(anonymous_15)","decl":{"start":{"line":161,"column":12},"end":{"line":161,"column":13}},"loc":{"start":{"line":161,"column":18},"end":{"line":163,"column":3}},"line":161},"16":{"name":"(anonymous_16)","decl":{"start":{"line":169,"column":16},"end":{"line":169,"column":17}},"loc":{"start":{"line":169,"column":22},"end":{"line":169,"column":43}},"line":169},"17":{"name":"(anonymous_17)","decl":{"start":{"line":173,"column":27},"end":{"line":173,"column":28}},"loc":{"start":{"line":173,"column":33},"end":{"line":173,"column":49}},"line":173},"18":{"name":"(anonymous_18)","decl":{"start":{"line":198,"column":24},"end":{"line":198,"column":25}},"loc":{"start":{"line":198,"column":30},"end":{"line":198,"column":47}},"line":198},"19":{"name":"(anonymous_19)","decl":{"start":{"line":208,"column":14},"end":{"line":208,"column":15}},"loc":{"start":{"line":208,"column":26},"end":{"line":211,"column":9}},"line":208},"20":{"name":"(anonymous_20)","decl":{"start":{"line":215,"column":18},"end":{"line":215,"column":19}},"loc":{"start":{"line":215,"column":24},"end":{"line":215,"column":41}},"line":215}},"branchMap":{"0":{"loc":{"start":{"line":50,"column":15},"end":{"line":75,"column":9}},"type":"cond-expr","locations":[{"start":{"line":51,"column":10},"end":{"line":61,"column":18}},{"start":{"line":63,"column":10},"end":{"line":74,"column":18}}],"line":50},"1":{"loc":{"start":{"line":81,"column":4},"end":{"line":81,"column":34}},"type":"if","locations":[{"start":{"line":81,"column":4},"end":{"line":81,"column":34}},{"start":{},"end":{}}],"line":81},"2":{"loc":{"start":{"line":86,"column":19},"end":{"line":86,"column":57}},"type":"cond-expr","locations":[{"start":{"line":86,"column":35},"end":{"line":86,"column":48}},{"start":{"line":86,"column":51},"end":{"line":86,"column":57}}],"line":86}},"s":{"0":1,"1":24,"2":24,"3":24,"4":24,"5":24,"6":24,"7":24,"8":24,"9":24,"10":320,"11":24,"12":160,"13":160,"14":160,"15":1,"16":0,"17":1,"18":1,"19":24,"20":72,"21":48,"22":24,"23":160,"24":24,"25":4,"26":4,"27":4,"28":4,"29":0,"30":4,"31":24,"32":1,"33":1,"34":1,"35":1,"36":1,"37":1,"38":0,"39":1,"40":24,"41":1,"42":1,"43":1,"44":1,"45":1,"46":1,"47":0,"48":1,"49":24,"50":1,"51":1,"52":1,"53":1,"54":0,"55":1,"56":24,"57":1,"58":1,"59":24,"60":4,"61":24,"62":0,"63":1,"64":0,"65":1,"66":1,"67":0},"f":{"0":24,"1":320,"2":160,"3":160,"4":1,"5":0,"6":1,"7":1,"8":72,"9":160,"10":4,"11":1,"12":1,"13":1,"14":1,"15":4,"16":0,"17":1,"18":0,"19":1,"20":0},"b":{"0":[2,158],"1":[48,24],"2":[0,160]},"_coverageSchema":"1a1c01bbd47fc00a2c39e90264f33305004495a9","hash":"6985c556ef881bfd8d8a86f6ba8c4b77b6340046"}
,"/Users/edertaveira/Documents/Development/framework/src/pages/Dashboard/Dashboard.js": {"path":"/Users/edertaveira/Documents/Development/framework/src/pages/Dashboard/Dashboard.js","statementMap":{"0":{"start":{"line":6,"column":18},"end":{"line":59,"column":1}},"1":{"start":{"line":7,"column":36},"end":{"line":7,"column":48}},"2":{"start":{"line":8,"column":50},"end":{"line":8,"column":65}},"3":{"start":{"line":10,"column":25},"end":{"line":25,"column":3}},"4":{"start":{"line":11,"column":20},"end":{"line":11,"column":58}},"5":{"start":{"line":11,"column":42},"end":{"line":11,"column":57}},"6":{"start":{"line":12,"column":17},"end":{"line":12,"column":54}},"7":{"start":{"line":12,"column":39},"end":{"line":12,"column":53}},"8":{"start":{"line":13,"column":4},"end":{"line":24,"column":7}},"9":{"start":{"line":27,"column":18},"end":{"line":37,"column":3}},"10":{"start":{"line":28,"column":4},"end":{"line":28,"column":30}},"11":{"start":{"line":29,"column":4},"end":{"line":35,"column":5}},"12":{"start":{"line":30,"column":18},"end":{"line":30,"column":50}},"13":{"start":{"line":31,"column":19},"end":{"line":31,"column":35}},"14":{"start":{"line":32,"column":6},"end":{"line":32,"column":27}},"15":{"start":{"line":34,"column":6},"end":{"line":34,"column":25}},"16":{"start":{"line":36,"column":4},"end":{"line":36,"column":31}},"17":{"start":{"line":39,"column":2},"end":{"line":41,"column":9}},"18":{"start":{"line":40,"column":4},"end":{"line":40,"column":14}},"19":{"start":{"line":43,"column":2},"end":{"line":58,"column":4}}},"fnMap":{"0":{"name":"(anonymous_0)","decl":{"start":{"line":6,"column":18},"end":{"line":6,"column":19}},"loc":{"start":{"line":6,"column":24},"end":{"line":59,"column":1}},"line":6},"1":{"name":"(anonymous_1)","decl":{"start":{"line":10,"column":25},"end":{"line":10,"column":26}},"loc":{"start":{"line":10,"column":35},"end":{"line":25,"column":3}},"line":10},"2":{"name":"(anonymous_2)","decl":{"start":{"line":11,"column":32},"end":{"line":11,"column":33}},"loc":{"start":{"line":11,"column":42},"end":{"line":11,"column":57}},"line":11},"3":{"name":"(anonymous_3)","decl":{"start":{"line":12,"column":29},"end":{"line":12,"column":30}},"loc":{"start":{"line":12,"column":39},"end":{"line":12,"column":53}},"line":12},"4":{"name":"(anonymous_4)","decl":{"start":{"line":27,"column":18},"end":{"line":27,"column":19}},"loc":{"start":{"line":27,"column":30},"end":{"line":37,"column":3}},"line":27},"5":{"name":"(anonymous_5)","decl":{"start":{"line":39,"column":12},"end":{"line":39,"column":13}},"loc":{"start":{"line":39,"column":18},"end":{"line":41,"column":3}},"line":39}},"branchMap":{},"s":{"0":0,"1":0,"2":0,"3":0,"4":0,"5":0,"6":0,"7":0,"8":0,"9":0,"10":0,"11":0,"12":0,"13":0,"14":0,"15":0,"16":0,"17":0,"18":0,"19":0},"f":{"0":0,"1":0,"2":0,"3":0,"4":0,"5":0},"b":{}}
,"/Users/edertaveira/Documents/Development/framework/src/pages/Postagens/Postagens.js": {"path":"/Users/edertaveira/Documents/Development/framework/src/pages/Postagens/Postagens.js","statementMap":{"0":{"start":{"line":23,"column":18},"end":{"line":250,"column":1}},"1":{"start":{"line":24,"column":17},"end":{"line":24,"column":31}},"2":{"start":{"line":25,"column":22},"end":{"line":25,"column":36}},"3":{"start":{"line":26,"column":26},"end":{"line":26,"column":38}},"4":{"start":{"line":27,"column":32},"end":{"line":27,"column":47}},"5":{"start":{"line":28,"column":40},"end":{"line":28,"column":55}},"6":{"start":{"line":29,"column":38},"end":{"line":29,"column":53}},"7":{"start":{"line":30,"column":32},"end":{"line":30,"column":47}},"8":{"start":{"line":31,"column":38},"end":{"line":31,"column":50}},"9":{"start":{"line":32,"column":20},"end":{"line":32,"column":56}},"10":{"start":{"line":32,"column":32},"end":{"line":32,"column":56}},"11":{"start":{"line":33,"column":18},"end":{"line":86,"column":3}},"12":{"start":{"line":38,"column":24},"end":{"line":38,"column":63}},"13":{"start":{"line":57,"column":25},"end":{"line":57,"column":42}},"14":{"start":{"line":58,"column":8},"end":{"line":83,"column":10}},"15":{"start":{"line":65,"column":29},"end":{"line":65,"column":46}},"16":{"start":{"line":68,"column":66},"end":{"line":68,"column":83}},"17":{"start":{"line":76,"column":29},"end":{"line":76,"column":41}},"18":{"start":{"line":79,"column":86},"end":{"line":79,"column":105}},"19":{"start":{"line":88,"column":24},"end":{"line":100,"column":4}},"20":{"start":{"line":89,"column":4},"end":{"line":89,"column":34}},"21":{"start":{"line":89,"column":23},"end":{"line":89,"column":34}},"22":{"start":{"line":90,"column":4},"end":{"line":99,"column":6}},"23":{"start":{"line":92,"column":27},"end":{"line":98,"column":7}},"24":{"start":{"line":102,"column":18},"end":{"line":111,"column":3}},"25":{"start":{"line":103,"column":4},"end":{"line":103,"column":21}},"26":{"start":{"line":104,"column":4},"end":{"line":109,"column":5}},"27":{"start":{"line":105,"column":18},"end":{"line":105,"column":50}},"28":{"start":{"line":106,"column":6},"end":{"line":106,"column":32}},"29":{"start":{"line":108,"column":6},"end":{"line":108,"column":25}},"30":{"start":{"line":110,"column":4},"end":{"line":110,"column":22}},"31":{"start":{"line":113,"column":19},"end":{"line":133,"column":3}},"32":{"start":{"line":114,"column":4},"end":{"line":114,"column":24}},"33":{"start":{"line":115,"column":4},"end":{"line":131,"column":5}},"34":{"start":{"line":116,"column":6},"end":{"line":122,"column":9}},"35":{"start":{"line":123,"column":6},"end":{"line":126,"column":9}},"36":{"start":{"line":127,"column":6},"end":{"line":127,"column":25}},"37":{"start":{"line":128,"column":6},"end":{"line":128,"column":24}},"38":{"start":{"line":130,"column":6},"end":{"line":130,"column":84}},"39":{"start":{"line":132,"column":4},"end":{"line":132,"column":25}},"40":{"start":{"line":135,"column":17},"end":{"line":152,"column":3}},"41":{"start":{"line":136,"column":4},"end":{"line":136,"column":25}},"42":{"start":{"line":137,"column":4},"end":{"line":150,"column":5}},"43":{"start":{"line":138,"column":21},"end":{"line":138,"column":53}},"44":{"start":{"line":139,"column":6},"end":{"line":145,"column":9}},"45":{"start":{"line":146,"column":6},"end":{"line":146,"column":64}},"46":{"start":{"line":147,"column":6},"end":{"line":147,"column":24}},"47":{"start":{"line":149,"column":6},"end":{"line":149,"column":84}},"48":{"start":{"line":151,"column":4},"end":{"line":151,"column":26}},"49":{"start":{"line":154,"column":19},"end":{"line":165,"column":3}},"50":{"start":{"line":155,"column":25},"end":{"line":155,"column":72}},"51":{"start":{"line":156,"column":4},"end":{"line":163,"column":5}},"52":{"start":{"line":157,"column":6},"end":{"line":159,"column":9}},"53":{"start":{"line":160,"column":6},"end":{"line":160,"column":62}},"54":{"start":{"line":162,"column":6},"end":{"line":162,"column":82}},"55":{"start":{"line":164,"column":4},"end":{"line":164,"column":19}},"56":{"start":{"line":167,"column":15},"end":{"line":170,"column":3}},"57":{"start":{"line":168,"column":4},"end":{"line":168,"column":44}},"58":{"start":{"line":169,"column":4},"end":{"line":169,"column":29}},"59":{"start":{"line":172,"column":2},"end":{"line":174,"column":9}},"60":{"start":{"line":173,"column":4},"end":{"line":173,"column":14}},"61":{"start":{"line":176,"column":2},"end":{"line":249,"column":4}},"62":{"start":{"line":180,"column":22},"end":{"line":180,"column":43}},"63":{"start":{"line":184,"column":33},"end":{"line":184,"column":49}},"64":{"start":{"line":209,"column":30},"end":{"line":209,"column":47}},"65":{"start":{"line":220,"column":10},"end":{"line":220,"column":38}},"66":{"start":{"line":221,"column":10},"end":{"line":221,"column":24}},"67":{"start":{"line":226,"column":24},"end":{"line":226,"column":41}}},"fnMap":{"0":{"name":"(anonymous_0)","decl":{"start":{"line":23,"column":18},"end":{"line":23,"column":19}},"loc":{"start":{"line":23,"column":24},"end":{"line":250,"column":1}},"line":23},"1":{"name":"(anonymous_1)","decl":{"start":{"line":32,"column":20},"end":{"line":32,"column":21}},"loc":{"start":{"line":32,"column":32},"end":{"line":32,"column":56}},"line":32},"2":{"name":"(anonymous_2)","decl":{"start":{"line":38,"column":14},"end":{"line":38,"column":15}},"loc":{"start":{"line":38,"column":24},"end":{"line":38,"column":63}},"line":38},"3":{"name":"(anonymous_3)","decl":{"start":{"line":56,"column":14},"end":{"line":56,"column":15}},"loc":{"start":{"line":56,"column":29},"end":{"line":84,"column":7}},"line":56},"4":{"name":"(anonymous_4)","decl":{"start":{"line":65,"column":23},"end":{"line":65,"column":24}},"loc":{"start":{"line":65,"column":29},"end":{"line":65,"column":46}},"line":65},"5":{"name":"(anonymous_5)","decl":{"start":{"line":68,"column":60},"end":{"line":68,"column":61}},"loc":{"start":{"line":68,"column":66},"end":{"line":68,"column":83}},"line":68},"6":{"name":"(anonymous_6)","decl":{"start":{"line":76,"column":23},"end":{"line":76,"column":24}},"loc":{"start":{"line":76,"column":29},"end":{"line":76,"column":41}},"line":76},"7":{"name":"(anonymous_7)","decl":{"start":{"line":79,"column":80},"end":{"line":79,"column":81}},"loc":{"start":{"line":79,"column":86},"end":{"line":79,"column":105}},"line":79},"8":{"name":"(anonymous_8)","decl":{"start":{"line":88,"column":36},"end":{"line":88,"column":37}},"loc":{"start":{"line":88,"column":45},"end":{"line":100,"column":3}},"line":88},"9":{"name":"(anonymous_9)","decl":{"start":{"line":92,"column":14},"end":{"line":92,"column":15}},"loc":{"start":{"line":92,"column":27},"end":{"line":98,"column":7}},"line":92},"10":{"name":"(anonymous_10)","decl":{"start":{"line":102,"column":18},"end":{"line":102,"column":19}},"loc":{"start":{"line":102,"column":30},"end":{"line":111,"column":3}},"line":102},"11":{"name":"(anonymous_11)","decl":{"start":{"line":113,"column":19},"end":{"line":113,"column":20}},"loc":{"start":{"line":113,"column":37},"end":{"line":133,"column":3}},"line":113},"12":{"name":"(anonymous_12)","decl":{"start":{"line":135,"column":17},"end":{"line":135,"column":18}},"loc":{"start":{"line":135,"column":31},"end":{"line":152,"column":3}},"line":135},"13":{"name":"(anonymous_13)","decl":{"start":{"line":154,"column":19},"end":{"line":154,"column":20}},"loc":{"start":{"line":154,"column":33},"end":{"line":165,"column":3}},"line":154},"14":{"name":"(anonymous_14)","decl":{"start":{"line":167,"column":15},"end":{"line":167,"column":16}},"loc":{"start":{"line":167,"column":27},"end":{"line":170,"column":3}},"line":167},"15":{"name":"(anonymous_15)","decl":{"start":{"line":172,"column":12},"end":{"line":172,"column":13}},"loc":{"start":{"line":172,"column":18},"end":{"line":174,"column":3}},"line":172},"16":{"name":"(anonymous_16)","decl":{"start":{"line":180,"column":16},"end":{"line":180,"column":17}},"loc":{"start":{"line":180,"column":22},"end":{"line":180,"column":43}},"line":180},"17":{"name":"(anonymous_17)","decl":{"start":{"line":184,"column":27},"end":{"line":184,"column":28}},"loc":{"start":{"line":184,"column":33},"end":{"line":184,"column":49}},"line":184},"18":{"name":"(anonymous_18)","decl":{"start":{"line":209,"column":24},"end":{"line":209,"column":25}},"loc":{"start":{"line":209,"column":30},"end":{"line":209,"column":47}},"line":209},"19":{"name":"(anonymous_19)","decl":{"start":{"line":219,"column":14},"end":{"line":219,"column":15}},"loc":{"start":{"line":219,"column":26},"end":{"line":222,"column":9}},"line":219},"20":{"name":"(anonymous_20)","decl":{"start":{"line":226,"column":18},"end":{"line":226,"column":19}},"loc":{"start":{"line":226,"column":24},"end":{"line":226,"column":41}},"line":226}},"branchMap":{"0":{"loc":{"start":{"line":58,"column":15},"end":{"line":83,"column":9}},"type":"cond-expr","locations":[{"start":{"line":59,"column":10},"end":{"line":69,"column":18}},{"start":{"line":71,"column":10},"end":{"line":82,"column":18}}],"line":58},"1":{"loc":{"start":{"line":89,"column":4},"end":{"line":89,"column":34}},"type":"if","locations":[{"start":{"line":89,"column":4},"end":{"line":89,"column":34}},{"start":{},"end":{}}],"line":89},"2":{"loc":{"start":{"line":94,"column":19},"end":{"line":94,"column":57}},"type":"cond-expr","locations":[{"start":{"line":94,"column":35},"end":{"line":94,"column":48}},{"start":{"line":94,"column":51},"end":{"line":94,"column":57}}],"line":94},"3":{"loc":{"start":{"line":182,"column":18},"end":{"line":182,"column":55}},"type":"cond-expr","locations":[{"start":{"line":182,"column":29},"end":{"line":182,"column":31}},{"start":{"line":182,"column":34},"end":{"line":182,"column":55}}],"line":182},"4":{"loc":{"start":{"line":185,"column":13},"end":{"line":185,"column":40}},"type":"cond-expr","locations":[{"start":{"line":185,"column":24},"end":{"line":185,"column":26}},{"start":{"line":185,"column":29},"end":{"line":185,"column":40}}],"line":185}},"s":{"0":1,"1":24,"2":24,"3":24,"4":24,"5":24,"6":24,"7":24,"8":24,"9":24,"10":480,"11":24,"12":160,"13":160,"14":160,"15":1,"16":0,"17":1,"18":1,"19":24,"20":96,"21":48,"22":48,"23":320,"24":24,"25":4,"26":4,"27":4,"28":4,"29":0,"30":4,"31":24,"32":1,"33":1,"34":1,"35":1,"36":1,"37":1,"38":0,"39":1,"40":24,"41":1,"42":1,"43":1,"44":1,"45":1,"46":1,"47":0,"48":1,"49":24,"50":1,"51":1,"52":1,"53":1,"54":0,"55":1,"56":24,"57":1,"58":1,"59":24,"60":4,"61":24,"62":0,"63":1,"64":0,"65":1,"66":1,"67":0},"f":{"0":24,"1":480,"2":160,"3":160,"4":1,"5":0,"6":1,"7":1,"8":96,"9":320,"10":4,"11":1,"12":1,"13":1,"14":1,"15":4,"16":0,"17":1,"18":0,"19":1,"20":0},"b":{"0":[2,158],"1":[48,48],"2":[160,160],"3":[0,24],"4":[0,24]},"_coverageSchema":"1a1c01bbd47fc00a2c39e90264f33305004495a9","hash":"f70279e411b6298713902680c2081f0638c8e451"}
,"/Users/edertaveira/Documents/Development/framework/src/pages/Todo/Todo.js": {"path":"/Users/edertaveira/Documents/Development/framework/src/pages/Todo/Todo.js","statementMap":{"0":{"start":{"line":23,"column":13},"end":{"line":279,"column":1}},"1":{"start":{"line":24,"column":17},"end":{"line":24,"column":31}},"2":{"start":{"line":25,"column":22},"end":{"line":25,"column":36}},"3":{"start":{"line":26,"column":26},"end":{"line":26,"column":38}},"4":{"start":{"line":27,"column":34},"end":{"line":27,"column":46}},"5":{"start":{"line":28,"column":32},"end":{"line":28,"column":47}},"6":{"start":{"line":29,"column":40},"end":{"line":29,"column":55}},"7":{"start":{"line":30,"column":38},"end":{"line":30,"column":53}},"8":{"start":{"line":31,"column":32},"end":{"line":31,"column":47}},"9":{"start":{"line":32,"column":38},"end":{"line":32,"column":50}},"10":{"start":{"line":33,"column":30},"end":{"line":33,"column":42}},"11":{"start":{"line":34,"column":20},"end":{"line":34,"column":56}},"12":{"start":{"line":34,"column":32},"end":{"line":34,"column":56}},"13":{"start":{"line":35,"column":18},"end":{"line":99,"column":3}},"14":{"start":{"line":40,"column":24},"end":{"line":40,"column":63}},"15":{"start":{"line":48,"column":8},"end":{"line":55,"column":15}},"16":{"start":{"line":64,"column":25},"end":{"line":64,"column":45}},"17":{"start":{"line":70,"column":25},"end":{"line":70,"column":42}},"18":{"start":{"line":71,"column":8},"end":{"line":96,"column":10}},"19":{"start":{"line":78,"column":29},"end":{"line":78,"column":46}},"20":{"start":{"line":81,"column":66},"end":{"line":81,"column":83}},"21":{"start":{"line":89,"column":29},"end":{"line":89,"column":41}},"22":{"start":{"line":92,"column":86},"end":{"line":92,"column":105}},"23":{"start":{"line":101,"column":24},"end":{"line":113,"column":4}},"24":{"start":{"line":102,"column":4},"end":{"line":102,"column":34}},"25":{"start":{"line":102,"column":23},"end":{"line":102,"column":34}},"26":{"start":{"line":103,"column":4},"end":{"line":112,"column":6}},"27":{"start":{"line":105,"column":27},"end":{"line":111,"column":7}},"28":{"start":{"line":115,"column":18},"end":{"line":126,"column":3}},"29":{"start":{"line":116,"column":4},"end":{"line":116,"column":21}},"30":{"start":{"line":117,"column":4},"end":{"line":124,"column":5}},"31":{"start":{"line":118,"column":18},"end":{"line":118,"column":50}},"32":{"start":{"line":119,"column":19},"end":{"line":119,"column":35}},"33":{"start":{"line":120,"column":6},"end":{"line":120,"column":20}},"34":{"start":{"line":121,"column":6},"end":{"line":121,"column":24}},"35":{"start":{"line":123,"column":6},"end":{"line":123,"column":25}},"36":{"start":{"line":125,"column":4},"end":{"line":125,"column":22}},"37":{"start":{"line":128,"column":19},"end":{"line":145,"column":3}},"38":{"start":{"line":129,"column":4},"end":{"line":129,"column":24}},"39":{"start":{"line":130,"column":4},"end":{"line":143,"column":5}},"40":{"start":{"line":131,"column":6},"end":{"line":137,"column":9}},"41":{"start":{"line":138,"column":6},"end":{"line":138,"column":63}},"42":{"start":{"line":139,"column":6},"end":{"line":139,"column":25}},"43":{"start":{"line":140,"column":6},"end":{"line":140,"column":24}},"44":{"start":{"line":142,"column":6},"end":{"line":142,"column":84}},"45":{"start":{"line":144,"column":4},"end":{"line":144,"column":25}},"46":{"start":{"line":147,"column":17},"end":{"line":164,"column":3}},"47":{"start":{"line":148,"column":4},"end":{"line":148,"column":25}},"48":{"start":{"line":149,"column":4},"end":{"line":162,"column":5}},"49":{"start":{"line":150,"column":21},"end":{"line":150,"column":53}},"50":{"start":{"line":151,"column":6},"end":{"line":157,"column":9}},"51":{"start":{"line":158,"column":6},"end":{"line":158,"column":62}},"52":{"start":{"line":159,"column":6},"end":{"line":159,"column":24}},"53":{"start":{"line":161,"column":6},"end":{"line":161,"column":84}},"54":{"start":{"line":163,"column":4},"end":{"line":163,"column":26}},"55":{"start":{"line":166,"column":19},"end":{"line":177,"column":3}},"56":{"start":{"line":167,"column":25},"end":{"line":167,"column":72}},"57":{"start":{"line":168,"column":4},"end":{"line":175,"column":5}},"58":{"start":{"line":169,"column":6},"end":{"line":171,"column":9}},"59":{"start":{"line":172,"column":6},"end":{"line":172,"column":60}},"60":{"start":{"line":174,"column":6},"end":{"line":174,"column":82}},"61":{"start":{"line":176,"column":4},"end":{"line":176,"column":19}},"62":{"start":{"line":179,"column":15},"end":{"line":182,"column":3}},"63":{"start":{"line":180,"column":4},"end":{"line":180,"column":44}},"64":{"start":{"line":181,"column":4},"end":{"line":181,"column":29}},"65":{"start":{"line":184,"column":2},"end":{"line":186,"column":9}},"66":{"start":{"line":185,"column":4},"end":{"line":185,"column":14}},"67":{"start":{"line":188,"column":2},"end":{"line":278,"column":4}},"68":{"start":{"line":192,"column":22},"end":{"line":192,"column":43}},"69":{"start":{"line":196,"column":33},"end":{"line":196,"column":49}},"70":{"start":{"line":215,"column":18},"end":{"line":215,"column":35}},"71":{"start":{"line":216,"column":18},"end":{"line":221,"column":19}},"72":{"start":{"line":217,"column":34},"end":{"line":217,"column":116}},"73":{"start":{"line":217,"column":61},"end":{"line":217,"column":115}},"74":{"start":{"line":218,"column":20},"end":{"line":218,"column":39}},"75":{"start":{"line":220,"column":20},"end":{"line":220,"column":38}},"76":{"start":{"line":231,"column":14},"end":{"line":231,"column":64}},"77":{"start":{"line":243,"column":30},"end":{"line":243,"column":47}},"78":{"start":{"line":254,"column":10},"end":{"line":254,"column":38}},"79":{"start":{"line":255,"column":10},"end":{"line":255,"column":24}},"80":{"start":{"line":260,"column":24},"end":{"line":260,"column":41}}},"fnMap":{"0":{"name":"(anonymous_0)","decl":{"start":{"line":23,"column":13},"end":{"line":23,"column":14}},"loc":{"start":{"line":23,"column":19},"end":{"line":279,"column":1}},"line":23},"1":{"name":"(anonymous_1)","decl":{"start":{"line":34,"column":20},"end":{"line":34,"column":21}},"loc":{"start":{"line":34,"column":32},"end":{"line":34,"column":56}},"line":34},"2":{"name":"(anonymous_2)","decl":{"start":{"line":40,"column":14},"end":{"line":40,"column":15}},"loc":{"start":{"line":40,"column":24},"end":{"line":40,"column":63}},"line":40},"3":{"name":"(anonymous_3)","decl":{"start":{"line":47,"column":14},"end":{"line":47,"column":15}},"loc":{"start":{"line":48,"column":8},"end":{"line":55,"column":15}},"line":48},"4":{"name":"(anonymous_4)","decl":{"start":{"line":64,"column":14},"end":{"line":64,"column":15}},"loc":{"start":{"line":64,"column":25},"end":{"line":64,"column":45}},"line":64},"5":{"name":"(anonymous_5)","decl":{"start":{"line":69,"column":14},"end":{"line":69,"column":15}},"loc":{"start":{"line":69,"column":29},"end":{"line":97,"column":7}},"line":69},"6":{"name":"(anonymous_6)","decl":{"start":{"line":78,"column":23},"end":{"line":78,"column":24}},"loc":{"start":{"line":78,"column":29},"end":{"line":78,"column":46}},"line":78},"7":{"name":"(anonymous_7)","decl":{"start":{"line":81,"column":60},"end":{"line":81,"column":61}},"loc":{"start":{"line":81,"column":66},"end":{"line":81,"column":83}},"line":81},"8":{"name":"(anonymous_8)","decl":{"start":{"line":89,"column":23},"end":{"line":89,"column":24}},"loc":{"start":{"line":89,"column":29},"end":{"line":89,"column":41}},"line":89},"9":{"name":"(anonymous_9)","decl":{"start":{"line":92,"column":80},"end":{"line":92,"column":81}},"loc":{"start":{"line":92,"column":86},"end":{"line":92,"column":105}},"line":92},"10":{"name":"(anonymous_10)","decl":{"start":{"line":101,"column":36},"end":{"line":101,"column":37}},"loc":{"start":{"line":101,"column":45},"end":{"line":113,"column":3}},"line":101},"11":{"name":"(anonymous_11)","decl":{"start":{"line":105,"column":14},"end":{"line":105,"column":15}},"loc":{"start":{"line":105,"column":27},"end":{"line":111,"column":7}},"line":105},"12":{"name":"(anonymous_12)","decl":{"start":{"line":115,"column":18},"end":{"line":115,"column":19}},"loc":{"start":{"line":115,"column":30},"end":{"line":126,"column":3}},"line":115},"13":{"name":"(anonymous_13)","decl":{"start":{"line":128,"column":19},"end":{"line":128,"column":20}},"loc":{"start":{"line":128,"column":37},"end":{"line":145,"column":3}},"line":128},"14":{"name":"(anonymous_14)","decl":{"start":{"line":147,"column":17},"end":{"line":147,"column":18}},"loc":{"start":{"line":147,"column":31},"end":{"line":164,"column":3}},"line":147},"15":{"name":"(anonymous_15)","decl":{"start":{"line":166,"column":19},"end":{"line":166,"column":20}},"loc":{"start":{"line":166,"column":33},"end":{"line":177,"column":3}},"line":166},"16":{"name":"(anonymous_16)","decl":{"start":{"line":179,"column":15},"end":{"line":179,"column":16}},"loc":{"start":{"line":179,"column":27},"end":{"line":182,"column":3}},"line":179},"17":{"name":"(anonymous_17)","decl":{"start":{"line":184,"column":12},"end":{"line":184,"column":13}},"loc":{"start":{"line":184,"column":18},"end":{"line":186,"column":3}},"line":184},"18":{"name":"(anonymous_18)","decl":{"start":{"line":192,"column":16},"end":{"line":192,"column":17}},"loc":{"start":{"line":192,"column":22},"end":{"line":192,"column":43}},"line":192},"19":{"name":"(anonymous_19)","decl":{"start":{"line":196,"column":27},"end":{"line":196,"column":28}},"loc":{"start":{"line":196,"column":33},"end":{"line":196,"column":49}},"line":196},"20":{"name":"(anonymous_20)","decl":{"start":{"line":214,"column":26},"end":{"line":214,"column":27}},"loc":{"start":{"line":214,"column":37},"end":{"line":222,"column":17}},"line":214},"21":{"name":"(anonymous_21)","decl":{"start":{"line":217,"column":51},"end":{"line":217,"column":52}},"loc":{"start":{"line":217,"column":61},"end":{"line":217,"column":115}},"line":217},"22":{"name":"(anonymous_22)","decl":{"start":{"line":230,"column":26},"end":{"line":230,"column":27}},"loc":{"start":{"line":230,"column":38},"end":{"line":232,"column":13}},"line":230},"23":{"name":"(anonymous_23)","decl":{"start":{"line":243,"column":24},"end":{"line":243,"column":25}},"loc":{"start":{"line":243,"column":30},"end":{"line":243,"column":47}},"line":243},"24":{"name":"(anonymous_24)","decl":{"start":{"line":253,"column":14},"end":{"line":253,"column":15}},"loc":{"start":{"line":253,"column":26},"end":{"line":256,"column":9}},"line":253},"25":{"name":"(anonymous_25)","decl":{"start":{"line":260,"column":18},"end":{"line":260,"column":19}},"loc":{"start":{"line":260,"column":24},"end":{"line":260,"column":41}},"line":260}},"branchMap":{"0":{"loc":{"start":{"line":48,"column":21},"end":{"line":48,"column":79}},"type":"cond-expr","locations":[{"start":{"line":48,"column":40},"end":{"line":48,"column":74}},{"start":{"line":48,"column":77},"end":{"line":48,"column":79}}],"line":48},"1":{"loc":{"start":{"line":53,"column":29},"end":{"line":53,"column":56}},"type":"cond-expr","locations":[{"start":{"line":53,"column":36},"end":{"line":53,"column":51}},{"start":{"line":53,"column":54},"end":{"line":53,"column":56}}],"line":53},"2":{"loc":{"start":{"line":64,"column":25},"end":{"line":64,"column":45}},"type":"cond-expr","locations":[{"start":{"line":64,"column":32},"end":{"line":64,"column":37}},{"start":{"line":64,"column":40},"end":{"line":64,"column":45}}],"line":64},"3":{"loc":{"start":{"line":71,"column":15},"end":{"line":96,"column":9}},"type":"cond-expr","locations":[{"start":{"line":72,"column":10},"end":{"line":82,"column":18}},{"start":{"line":84,"column":10},"end":{"line":95,"column":18}}],"line":71},"4":{"loc":{"start":{"line":102,"column":4},"end":{"line":102,"column":34}},"type":"if","locations":[{"start":{"line":102,"column":4},"end":{"line":102,"column":34}},{"start":{},"end":{}}],"line":102},"5":{"loc":{"start":{"line":107,"column":19},"end":{"line":107,"column":57}},"type":"cond-expr","locations":[{"start":{"line":107,"column":35},"end":{"line":107,"column":48}},{"start":{"line":107,"column":51},"end":{"line":107,"column":57}}],"line":107},"6":{"loc":{"start":{"line":216,"column":18},"end":{"line":221,"column":19}},"type":"if","locations":[{"start":{"line":216,"column":18},"end":{"line":221,"column":19}},{"start":{"line":219,"column":25},"end":{"line":221,"column":19}}],"line":216},"7":{"loc":{"start":{"line":231,"column":21},"end":{"line":231,"column":63}},"type":"cond-expr","locations":[{"start":{"line":231,"column":40},"end":{"line":231,"column":51}},{"start":{"line":231,"column":54},"end":{"line":231,"column":63}}],"line":231}},"s":{"0":1,"1":28,"2":28,"3":28,"4":28,"5":28,"6":28,"7":28,"8":28,"9":28,"10":28,"11":28,"12":480,"13":28,"14":160,"15":160,"16":160,"17":160,"18":160,"19":1,"20":0,"21":1,"22":1,"23":28,"24":112,"25":56,"26":56,"27":320,"28":28,"29":4,"30":4,"31":4,"32":4,"33":4,"34":4,"35":0,"36":4,"37":28,"38":1,"39":1,"40":1,"41":1,"42":1,"43":1,"44":0,"45":1,"46":28,"47":1,"48":1,"49":1,"50":1,"51":1,"52":1,"53":0,"54":1,"55":28,"56":1,"57":1,"58":1,"59":1,"60":0,"61":1,"62":28,"63":1,"64":1,"65":28,"66":4,"67":28,"68":0,"69":1,"70":0,"71":0,"72":0,"73":0,"74":0,"75":0,"76":160,"77":0,"78":1,"79":1,"80":0},"f":{"0":28,"1":480,"2":160,"3":160,"4":160,"5":160,"6":1,"7":0,"8":1,"9":1,"10":112,"11":320,"12":4,"13":1,"14":1,"15":1,"16":1,"17":4,"18":0,"19":1,"20":0,"21":0,"22":160,"23":0,"24":1,"25":0},"b":{"0":[0,160],"1":[160,0],"2":[0,160],"3":[2,158],"4":[56,56],"5":[160,160],"6":[0,0],"7":[0,160]},"_coverageSchema":"1a1c01bbd47fc00a2c39e90264f33305004495a9","hash":"bd9f00d120fd97be79208eeb00865ebc46b1cd7c"}
,"/Users/edertaveira/Documents/Development/framework/src/reducers/appReducer.js": {"path":"/Users/edertaveira/Documents/Development/framework/src/reducers/appReducer.js","statementMap":{"0":{"start":{"line":4,"column":28},"end":{"line":6,"column":2}}},"fnMap":{},"branchMap":{},"s":{"0":3},"f":{},"b":{},"_coverageSchema":"1a1c01bbd47fc00a2c39e90264f33305004495a9","hash":"d12bb7e3748d4cd0ecaddfa938a5e6c6c1a366a2"}
,"/Users/edertaveira/Documents/Development/framework/src/reducers/commonReducer.js": {"path":"/Users/edertaveira/Documents/Development/framework/src/reducers/commonReducer.js","statementMap":{"0":{"start":{"line":3,"column":21},"end":{"line":3,"column":41}},"1":{"start":{"line":6,"column":2},"end":{"line":11,"column":3}},"2":{"start":{"line":8,"column":6},"end":{"line":8,"column":55}},"3":{"start":{"line":10,"column":6},"end":{"line":10,"column":19}}},"fnMap":{"0":{"name":"commonRoot","decl":{"start":{"line":5,"column":9},"end":{"line":5,"column":19}},"loc":{"start":{"line":5,"column":50},"end":{"line":12,"column":1}},"line":5}},"branchMap":{"0":{"loc":{"start":{"line":5,"column":20},"end":{"line":5,"column":40}},"type":"default-arg","locations":[{"start":{"line":5,"column":28},"end":{"line":5,"column":40}}],"line":5},"1":{"loc":{"start":{"line":6,"column":2},"end":{"line":11,"column":3}},"type":"switch","locations":[{"start":{"line":7,"column":4},"end":{"line":8,"column":55}},{"start":{"line":9,"column":4},"end":{"line":10,"column":19}}],"line":6}},"s":{"0":3,"1":15,"2":0,"3":15},"f":{"0":15},"b":{"0":[9],"1":[0,15]},"_coverageSchema":"1a1c01bbd47fc00a2c39e90264f33305004495a9","hash":"bb458132a576bfa81128a419209606d18be54993"}
,"/Users/edertaveira/Documents/Development/framework/src/reducers/actions/commonActions.js": {"path":"/Users/edertaveira/Documents/Development/framework/src/reducers/actions/commonActions.js","statementMap":{"0":{"start":{"line":2,"column":25},"end":{"line":2,"column":36}},"1":{"start":{"line":6,"column":2},"end":{"line":6,"column":40}}},"fnMap":{"0":{"name":"collapsedMenu","decl":{"start":{"line":5,"column":16},"end":{"line":5,"column":29}},"loc":{"start":{"line":5,"column":41},"end":{"line":7,"column":1}},"line":5}},"branchMap":{},"s":{"0":3,"1":0},"f":{"0":0},"b":{},"_coverageSchema":"1a1c01bbd47fc00a2c39e90264f33305004495a9","hash":"05f2e19c1a53e12ae8a1423113b66585f9cece8e"}
,"/Users/edertaveira/Documents/Development/framework/src/storage/configureStore.js": {"path":"/Users/edertaveira/Documents/Development/framework/src/storage/configureStore.js","statementMap":{"0":{"start":{"line":8,"column":14},"end":{"line":8,"column":52}},"1":{"start":{"line":9,"column":22},"end":{"line":12,"column":1}},"2":{"start":{"line":14,"column":25},"end":{"line":14,"column":66}},"3":{"start":{"line":16,"column":23},"end":{"line":21,"column":1}},"4":{"start":{"line":17,"column":21},"end":{"line":17,"column":54}},"5":{"start":{"line":18,"column":16},"end":{"line":18,"column":77}},"6":{"start":{"line":19,"column":20},"end":{"line":19,"column":39}},"7":{"start":{"line":20,"column":2},"end":{"line":20,"column":30}}},"fnMap":{"0":{"name":"(anonymous_0)","decl":{"start":{"line":16,"column":23},"end":{"line":16,"column":24}},"loc":{"start":{"line":16,"column":29},"end":{"line":21,"column":1}},"line":16}},"branchMap":{"0":{"loc":{"start":{"line":17,"column":22},"end":{"line":17,"column":37}},"type":"binary-expr","locations":[{"start":{"line":17,"column":22},"end":{"line":17,"column":27}},{"start":{"line":17,"column":31},"end":{"line":17,"column":37}}],"line":17}},"s":{"0":3,"1":3,"2":3,"3":3,"4":3,"5":3,"6":3,"7":3},"f":{"0":3},"b":{"0":[3,0]},"_coverageSchema":"1a1c01bbd47fc00a2c39e90264f33305004495a9","hash":"c2ae08ad05f15c8cfa70324749f00b2c9c8b5a88"}
}
