TN:
SF:src/App.js
FN:13,(anonymous_0)
FN:22,(anonymous_1)
FN:23,(anonymous_2)
FN:24,(anonymous_3)
FN:25,(anonymous_4)
FN:29,App
FN:35,(anonymous_6)
FN:36,(anonymous_7)
FN:37,(anonymous_8)
FN:38,(anonymous_9)
FNF:10
FNH:0
FNDA:0,(anonymous_0)
FNDA:0,(anonymous_1)
FNDA:0,(anonymous_2)
FNDA:0,(anonymous_3)
FNDA:0,(anonymous_4)
FNDA:0,App
FNDA:0,(anonymous_6)
FNDA:0,(anonymous_7)
FNDA:0,(anonymous_8)
FNDA:0,(anonymous_9)
DA:13,0
DA:14,0
DA:22,0
DA:23,0
DA:24,0
DA:25,0
DA:27,0
DA:30,0
DA:35,0
DA:36,0
DA:37,0
DA:38,0
LF:12
LH:0
BRF:0
BRH:0
end_of_record
TN:
SF:src/index.js
FNF:0
FNH:0
DA:7,0
DA:8,0
LF:2
LH:0
BRF:0
BRH:0
end_of_record
TN:
SF:src/serviceWorker.js
FN:23,register
FN:34,(anonymous_1)
FN:43,(anonymous_2)
FN:57,registerValidSW
FN:60,(anonymous_4)
FN:61,(anonymous_5)
FN:66,(anonymous_6)
FN:96,(anonymous_7)
FN:101,checkValidServiceWorker
FN:106,(anonymous_9)
FN:114,(anonymous_10)
FN:115,(anonymous_11)
FN:124,(anonymous_12)
FN:131,unregister
FN:134,(anonymous_14)
FN:137,(anonymous_15)
FNF:16
FNH:0
FNDA:0,register
FNDA:0,(anonymous_1)
FNDA:0,(anonymous_2)
FNDA:0,registerValidSW
FNDA:0,(anonymous_4)
FNDA:0,(anonymous_5)
FNDA:0,(anonymous_6)
FNDA:0,(anonymous_7)
FNDA:0,checkValidServiceWorker
FNDA:0,(anonymous_9)
FNDA:0,(anonymous_10)
FNDA:0,(anonymous_11)
FNDA:0,(anonymous_12)
FNDA:0,unregister
FNDA:0,(anonymous_14)
FNDA:0,(anonymous_15)
DA:13,0
DA:24,0
DA:26,0
DA:27,0
DA:31,0
DA:34,0
DA:35,0
DA:37,0
DA:39,0
DA:43,0
DA:44,0
DA:51,0
DA:58,0
DA:61,0
DA:62,0
DA:63,0
DA:64,0
DA:66,0
DA:67,0
DA:68,0
DA:72,0
DA:78,0
DA:79,0
DA:85,0
DA:88,0
DA:89,0
DA:97,0
DA:103,0
DA:108,0
DA:109,0
DA:114,0
DA:115,0
DA:116,0
DA:121,0
DA:125,0
DA:132,0
DA:133,0
DA:135,0
DA:138,0
LF:39
LH:0
BRDA:14,0,0,0
BRDA:14,0,1,0
BRDA:14,0,2,0
BRDA:24,1,0,0
BRDA:24,1,1,0
BRDA:24,2,0,0
BRDA:24,2,1,0
BRDA:27,3,0,0
BRDA:27,3,1,0
BRDA:37,4,0,0
BRDA:37,4,1,0
BRDA:63,5,0,0
BRDA:63,5,1,0
BRDA:67,6,0,0
BRDA:67,6,1,0
BRDA:68,7,0,0
BRDA:68,7,1,0
BRDA:78,8,0,0
BRDA:78,8,1,0
BRDA:78,9,0,0
BRDA:78,9,1,0
BRDA:88,10,0,0
BRDA:88,10,1,0
BRDA:88,11,0,0
BRDA:88,11,1,0
BRDA:109,12,0,0
BRDA:109,12,1,0
BRDA:110,13,0,0
BRDA:110,13,1,0
BRDA:110,13,2,0
BRDA:132,14,0,0
BRDA:132,14,1,0
BRF:32
BRH:0
end_of_record
TN:
SF:src/common/cep.js
FN:2,(anonymous_0)
FN:3,(anonymous_1)
FN:4,(anonymous_2)
FN:7,(anonymous_3)
FN:24,(anonymous_4)
FN:27,(anonymous_5)
FNF:6
FNH:0
FNDA:0,(anonymous_0)
FNDA:0,(anonymous_1)
FNDA:0,(anonymous_2)
FNDA:0,(anonymous_3)
FNDA:0,(anonymous_4)
FNDA:0,(anonymous_5)
DA:1,0
DA:3,0
DA:4,0
DA:5,0
DA:7,0
DA:8,0
DA:9,0
DA:12,0
DA:13,0
DA:16,0
DA:25,0
DA:28,0
DA:29,0
DA:34,0
DA:36,0
DA:38,0
DA:41,0
DA:44,0
LF:18
LH:0
BRDA:8,0,0,0
BRDA:8,0,1,0
BRDA:12,1,0,0
BRDA:12,1,1,0
BRDA:28,2,0,0
BRDA:28,2,1,0
BRDA:36,3,0,0
BRDA:36,3,1,0
BRDA:36,3,2,0
BRF:9
BRH:0
end_of_record
TN:
SF:src/common/matchMedia.js
FN:3,(anonymous_0)
FN:6,(anonymous_1)
FN:7,(anonymous_2)
FNF:3
FNH:3
FNDA:72,(anonymous_0)
FNDA:72,(anonymous_1)
FNDA:72,(anonymous_2)
DA:1,3
DA:4,72
LF:2
LH:2
BRDA:2,0,0,3
BRDA:2,0,1,3
BRF:2
BRH:2
end_of_record
TN:
SF:src/common/constants/endpoint.js
FNF:0
FNH:0
DA:1,3
DA:2,3
LF:2
LH:2
BRDA:1,0,0,3
BRDA:1,0,1,3
BRF:2
BRH:2
end_of_record
TN:
SF:src/common/constants/localeAntd.js
FNF:0
FNH:0
DA:1,0
LF:1
LH:0
BRF:0
BRH:0
end_of_record
TN:
SF:src/common/constants/momentPTBR.js
FN:19,(anonymous_0)
FNF:1
FNH:0
FNDA:0,(anonymous_0)
DA:1,0
DA:20,0
DA:44,0
LF:3
LH:0
BRDA:20,0,0,0
BRDA:20,0,1,0
BRDA:20,1,0,0
BRDA:20,1,1,0
BRF:4
BRH:0
end_of_record
TN:
SF:src/components/Container.js
FN:6,(anonymous_0)
FN:8,(anonymous_1)
FNF:2
FNH:0
FNDA:0,(anonymous_0)
FNDA:0,(anonymous_1)
DA:6,0
DA:7,0
DA:8,0
DA:9,0
LF:4
LH:0
BRDA:10,0,0,0
BRDA:10,0,1,0
BRDA:10,1,0,0
BRDA:10,1,1,0
BRDA:11,2,0,0
BRDA:11,2,1,0
BRDA:16,3,0,0
BRDA:16,3,1,0
BRF:8
BRH:0
end_of_record
TN:
SF:src/components/EditableCell.js
FN:4,(anonymous_0)
FNF:1
FNH:1
FNDA:1788,(anonymous_0)
DA:4,3
DA:5,1788
DA:7,1788
DA:9,0
DA:10,0
DA:12,480
DA:13,480
DA:15,160
DA:16,160
DA:18,160
DA:19,160
DA:21,988
DA:22,988
DA:24,1788
LF:14
LH:12
BRDA:7,0,0,0
BRDA:7,0,1,480
BRDA:7,0,2,160
BRDA:7,0,3,160
BRDA:7,0,4,988
BRDA:26,1,0,10
BRDA:26,1,1,1778
BRF:7
BRH:6
end_of_record
TN:
SF:src/components/PageLoading.js
FN:5,(anonymous_0)
FNF:1
FNH:0
FNDA:0,(anonymous_0)
DA:5,0
DA:6,0
DA:7,0
DA:13,0
DA:18,0
DA:19,0
DA:22,0
LF:7
LH:0
BRDA:6,0,0,0
BRDA:6,0,1,0
BRDA:18,1,0,0
BRDA:18,1,1,0
BRF:4
BRH:0
end_of_record
TN:
SF:src/components/Seo.js
FN:6,Seo
FN:68,(anonymous_1)
FNF:2
FNH:0
FNDA:0,Seo
FNDA:0,(anonymous_1)
DA:7,0
DA:8,0
DA:9,0
DA:10,0
DA:55,0
DA:61,0
DA:68,0
LF:7
LH:0
BRDA:7,0,0,0
BRDA:7,0,1,0
BRDA:8,1,0,0
BRDA:8,1,1,0
BRF:4
BRH:0
end_of_record
TN:
SF:src/components/Sidebar/Sidebar.js
FN:15,(anonymous_0)
FN:17,(anonymous_1)
FN:38,(anonymous_2)
FN:47,(anonymous_3)
FN:60,(anonymous_4)
FN:65,(anonymous_5)
FNF:6
FNH:0
FNDA:0,(anonymous_0)
FNDA:0,(anonymous_1)
FNDA:0,(anonymous_2)
FNDA:0,(anonymous_3)
FNDA:0,(anonymous_4)
FNDA:0,(anonymous_5)
DA:13,0
DA:15,0
DA:16,0
DA:17,0
DA:18,0
DA:20,0
DA:38,0
DA:39,0
DA:40,0
DA:47,0
DA:60,0
DA:66,0
DA:68,0
LF:13
LH:0
BRDA:39,0,0,0
BRDA:39,0,1,0
BRDA:42,1,0,0
BRDA:42,1,1,0
BRDA:43,2,0,0
BRDA:43,2,1,0
BRDA:49,3,0,0
BRDA:49,3,1,0
BRDA:59,4,0,0
BRDA:59,4,1,0
BRF:10
BRH:0
end_of_record
TN:
SF:src/pages/Albuns/Albuns.js
FN:22,(anonymous_0)
FN:31,(anonymous_1)
FN:37,(anonymous_2)
FN:48,(anonymous_3)
FN:57,(anonymous_4)
FN:60,(anonymous_5)
FN:68,(anonymous_6)
FN:71,(anonymous_7)
FN:80,(anonymous_8)
FN:84,(anonymous_9)
FN:94,(anonymous_10)
FN:105,(anonymous_11)
FN:124,(anonymous_12)
FN:143,(anonymous_13)
FN:156,(anonymous_14)
FN:161,(anonymous_15)
FN:169,(anonymous_16)
FN:173,(anonymous_17)
FN:198,(anonymous_18)
FN:208,(anonymous_19)
FN:215,(anonymous_20)
FNF:21
FNH:17
FNDA:24,(anonymous_0)
FNDA:320,(anonymous_1)
FNDA:160,(anonymous_2)
FNDA:160,(anonymous_3)
FNDA:1,(anonymous_4)
FNDA:0,(anonymous_5)
FNDA:1,(anonymous_6)
FNDA:1,(anonymous_7)
FNDA:72,(anonymous_8)
FNDA:160,(anonymous_9)
FNDA:4,(anonymous_10)
FNDA:1,(anonymous_11)
FNDA:1,(anonymous_12)
FNDA:1,(anonymous_13)
FNDA:1,(anonymous_14)
FNDA:4,(anonymous_15)
FNDA:0,(anonymous_16)
FNDA:1,(anonymous_17)
FNDA:0,(anonymous_18)
FNDA:1,(anonymous_19)
FNDA:0,(anonymous_20)
DA:22,1
DA:23,24
DA:24,24
DA:25,24
DA:26,24
DA:27,24
DA:28,24
DA:29,24
DA:30,24
DA:31,320
DA:32,24
DA:37,160
DA:49,160
DA:50,160
DA:57,1
DA:60,0
DA:68,1
DA:71,1
DA:80,24
DA:81,72
DA:82,24
DA:84,160
DA:94,24
DA:95,4
DA:96,4
DA:97,4
DA:98,4
DA:100,0
DA:102,4
DA:105,24
DA:106,1
DA:107,1
DA:108,1
DA:115,1
DA:116,1
DA:117,1
DA:119,0
DA:121,1
DA:124,24
DA:125,1
DA:126,1
DA:127,1
DA:128,1
DA:135,1
DA:136,1
DA:138,0
DA:140,1
DA:143,24
DA:144,1
DA:145,1
DA:146,1
DA:149,1
DA:151,0
DA:153,1
DA:156,24
DA:157,1
DA:158,1
DA:161,24
DA:162,4
DA:165,24
DA:169,0
DA:173,1
DA:198,0
DA:209,1
DA:210,1
DA:215,0
LF:66
LH:58
BRDA:50,0,0,2
BRDA:50,0,1,158
BRDA:81,1,0,48
BRDA:81,1,1,24
BRDA:86,2,0,0
BRDA:86,2,1,160
BRF:6
BRH:5
end_of_record
TN:
SF:src/pages/Dashboard/Dashboard.js
FN:6,(anonymous_0)
FN:10,(anonymous_1)
FN:11,(anonymous_2)
FN:12,(anonymous_3)
FN:27,(anonymous_4)
FN:39,(anonymous_5)
FNF:6
FNH:0
FNDA:0,(anonymous_0)
FNDA:0,(anonymous_1)
FNDA:0,(anonymous_2)
FNDA:0,(anonymous_3)
FNDA:0,(anonymous_4)
FNDA:0,(anonymous_5)
DA:6,0
DA:7,0
DA:8,0
DA:10,0
DA:11,0
DA:12,0
DA:13,0
DA:27,0
DA:28,0
DA:29,0
DA:30,0
DA:31,0
DA:32,0
DA:34,0
DA:36,0
DA:39,0
DA:40,0
DA:43,0
LF:18
LH:0
BRF:0
BRH:0
end_of_record
TN:
SF:src/pages/Postagens/Postagens.js
FN:23,(anonymous_0)
FN:32,(anonymous_1)
FN:38,(anonymous_2)
FN:56,(anonymous_3)
FN:65,(anonymous_4)
FN:68,(anonymous_5)
FN:76,(anonymous_6)
FN:79,(anonymous_7)
FN:88,(anonymous_8)
FN:92,(anonymous_9)
FN:102,(anonymous_10)
FN:113,(anonymous_11)
FN:135,(anonymous_12)
FN:154,(anonymous_13)
FN:167,(anonymous_14)
FN:172,(anonymous_15)
FN:180,(anonymous_16)
FN:184,(anonymous_17)
FN:209,(anonymous_18)
FN:219,(anonymous_19)
FN:226,(anonymous_20)
FNF:21
FNH:17
FNDA:24,(anonymous_0)
FNDA:480,(anonymous_1)
FNDA:160,(anonymous_2)
FNDA:160,(anonymous_3)
FNDA:1,(anonymous_4)
FNDA:0,(anonymous_5)
FNDA:1,(anonymous_6)
FNDA:1,(anonymous_7)
FNDA:96,(anonymous_8)
FNDA:320,(anonymous_9)
FNDA:4,(anonymous_10)
FNDA:1,(anonymous_11)
FNDA:1,(anonymous_12)
FNDA:1,(anonymous_13)
FNDA:1,(anonymous_14)
FNDA:4,(anonymous_15)
FNDA:0,(anonymous_16)
FNDA:1,(anonymous_17)
FNDA:0,(anonymous_18)
FNDA:1,(anonymous_19)
FNDA:0,(anonymous_20)
DA:23,1
DA:24,24
DA:25,24
DA:26,24
DA:27,24
DA:28,24
DA:29,24
DA:30,24
DA:31,24
DA:32,480
DA:33,24
DA:38,160
DA:57,160
DA:58,160
DA:65,1
DA:68,0
DA:76,1
DA:79,1
DA:88,24
DA:89,96
DA:90,48
DA:92,320
DA:102,24
DA:103,4
DA:104,4
DA:105,4
DA:106,4
DA:108,0
DA:110,4
DA:113,24
DA:114,1
DA:115,1
DA:116,1
DA:123,1
DA:127,1
DA:128,1
DA:130,0
DA:132,1
DA:135,24
DA:136,1
DA:137,1
DA:138,1
DA:139,1
DA:146,1
DA:147,1
DA:149,0
DA:151,1
DA:154,24
DA:155,1
DA:156,1
DA:157,1
DA:160,1
DA:162,0
DA:164,1
DA:167,24
DA:168,1
DA:169,1
DA:172,24
DA:173,4
DA:176,24
DA:180,0
DA:184,1
DA:209,0
DA:220,1
DA:221,1
DA:226,0
LF:66
LH:58
BRDA:58,0,0,2
BRDA:58,0,1,158
BRDA:89,1,0,48
BRDA:89,1,1,48
BRDA:94,2,0,160
BRDA:94,2,1,160
BRDA:182,3,0,0
BRDA:182,3,1,24
BRDA:185,4,0,0
BRDA:185,4,1,24
BRF:10
BRH:8
end_of_record
TN:
SF:src/pages/Todo/Todo.js
FN:23,(anonymous_0)
FN:34,(anonymous_1)
FN:40,(anonymous_2)
FN:47,(anonymous_3)
FN:64,(anonymous_4)
FN:69,(anonymous_5)
FN:78,(anonymous_6)
FN:81,(anonymous_7)
FN:89,(anonymous_8)
FN:92,(anonymous_9)
FN:101,(anonymous_10)
FN:105,(anonymous_11)
FN:115,(anonymous_12)
FN:128,(anonymous_13)
FN:147,(anonymous_14)
FN:166,(anonymous_15)
FN:179,(anonymous_16)
FN:184,(anonymous_17)
FN:192,(anonymous_18)
FN:196,(anonymous_19)
FN:214,(anonymous_20)
FN:217,(anonymous_21)
FN:230,(anonymous_22)
FN:243,(anonymous_23)
FN:253,(anonymous_24)
FN:260,(anonymous_25)
FNF:26
FNH:20
FNDA:28,(anonymous_0)
FNDA:480,(anonymous_1)
FNDA:160,(anonymous_2)
FNDA:160,(anonymous_3)
FNDA:160,(anonymous_4)
FNDA:160,(anonymous_5)
FNDA:1,(anonymous_6)
FNDA:0,(anonymous_7)
FNDA:1,(anonymous_8)
FNDA:1,(anonymous_9)
FNDA:112,(anonymous_10)
FNDA:320,(anonymous_11)
FNDA:4,(anonymous_12)
FNDA:1,(anonymous_13)
FNDA:1,(anonymous_14)
FNDA:1,(anonymous_15)
FNDA:1,(anonymous_16)
FNDA:4,(anonymous_17)
FNDA:0,(anonymous_18)
FNDA:1,(anonymous_19)
FNDA:0,(anonymous_20)
FNDA:0,(anonymous_21)
FNDA:160,(anonymous_22)
FNDA:0,(anonymous_23)
FNDA:1,(anonymous_24)
FNDA:0,(anonymous_25)
DA:23,1
DA:24,28
DA:25,28
DA:26,28
DA:27,28
DA:28,28
DA:29,28
DA:30,28
DA:31,28
DA:32,28
DA:33,28
DA:34,480
DA:35,28
DA:40,160
DA:48,160
DA:64,160
DA:70,160
DA:71,160
DA:78,1
DA:81,0
DA:89,1
DA:92,1
DA:101,28
DA:102,112
DA:103,56
DA:105,320
DA:115,28
DA:116,4
DA:117,4
DA:118,4
DA:119,4
DA:120,4
DA:121,4
DA:123,0
DA:125,4
DA:128,28
DA:129,1
DA:130,1
DA:131,1
DA:138,1
DA:139,1
DA:140,1
DA:142,0
DA:144,1
DA:147,28
DA:148,1
DA:149,1
DA:150,1
DA:151,1
DA:158,1
DA:159,1
DA:161,0
DA:163,1
DA:166,28
DA:167,1
DA:168,1
DA:169,1
DA:172,1
DA:174,0
DA:176,1
DA:179,28
DA:180,1
DA:181,1
DA:184,28
DA:185,4
DA:188,28
DA:192,0
DA:196,1
DA:215,0
DA:216,0
DA:217,0
DA:218,0
DA:220,0
DA:231,160
DA:243,0
DA:254,1
DA:255,1
DA:260,0
LF:78
LH:65
BRDA:48,0,0,0
BRDA:48,0,1,160
BRDA:53,1,0,160
BRDA:53,1,1,0
BRDA:64,2,0,0
BRDA:64,2,1,160
BRDA:71,3,0,2
BRDA:71,3,1,158
BRDA:102,4,0,56
BRDA:102,4,1,56
BRDA:107,5,0,160
BRDA:107,5,1,160
BRDA:216,6,0,0
BRDA:216,6,1,0
BRDA:231,7,0,0
BRDA:231,7,1,160
BRF:16
BRH:10
end_of_record
TN:
SF:src/reducers/appReducer.js
FNF:0
FNH:0
DA:4,3
LF:1
LH:1
BRF:0
BRH:0
end_of_record
TN:
SF:src/reducers/commonReducer.js
FN:5,commonRoot
FNF:1
FNH:1
FNDA:15,commonRoot
DA:3,3
DA:6,15
DA:8,0
DA:10,15
LF:4
LH:3
BRDA:5,0,0,9
BRDA:6,1,0,0
BRDA:6,1,1,15
BRF:3
BRH:2
end_of_record
TN:
SF:src/reducers/actions/commonActions.js
FN:5,collapsedMenu
FNF:1
FNH:0
FNDA:0,collapsedMenu
DA:2,3
DA:6,0
LF:2
LH:1
BRF:0
BRH:0
end_of_record
TN:
SF:src/storage/configureStore.js
FN:16,(anonymous_0)
FNF:1
FNH:1
FNDA:3,(anonymous_0)
DA:8,3
DA:9,3
DA:14,3
DA:16,3
DA:17,3
DA:18,3
DA:19,3
DA:20,3
LF:8
LH:8
BRDA:17,0,0,3
BRDA:17,0,1,0
BRF:2
BRH:1
end_of_record
